
3672267 : 0xad94d57c67898 : 1 : spill_jit_data :  Jit agent is not initialized
3672241 : 0xad94d57ca2234 : 2 : ittapi_config_mask_get :  --itt-config mask to be applied: 55
3672241 : 0xad94d57ca3a43 : 2 : ittapi_config_apply_per_lib :  ITTAPI function instrumented: __itt_domain_create
3672241 : 0xad94d57ca44b7 : 2 : ittapi_config_apply_per_lib :  ITTAPI function instrumented: __itt_module_load_with_sections
3672241 : 0xad94d57ca5171 : 2 : ittapi_config_apply_per_lib :  ITTAPI function not implemented: __itt_module_unload_with_sections
3672241 : 0xad94d57ca5978 : 2 : ittapi_config_apply_per_lib :  ITTAPI function instrumented: __itt_string_handle_create
3672241 : 0xad94d57ca5f84 : 2 : ittapi_config_apply_per_lib :  ITTAPI function instrumented: __itt_counter_create
3672241 : 0xad94d57ca660d : 2 : ittapi_config_apply_per_lib :  ITTAPI function instrumented: __itt_counter_create_typed
3672241 : 0xad94d57ca6bf6 : 2 : ittapi_config_apply_per_lib :  ITTAPI function instrumented: __itt_pause
3672241 : 0xad94d57ca71e8 : 2 : ittapi_config_apply_per_lib :  ITTAPI function instrumented: __itt_resume
3672241 : 0xad94d57cff971 : 2 : ittapi_config_apply_per_lib :  ITTAPI function not implemented: __itt_pause_scoped
3672241 : 0xad94d57d004a5 : 2 : ittapi_config_apply_per_lib :  ITTAPI function not implemented: __itt_resume_scoped
3672241 : 0xad94d57d00a25 : 2 : ittapi_config_apply_per_lib :  ITTAPI function instrumented: __itt_thread_set_name
3672241 : 0xad94d57d00f0f : 2 : ittapi_config_apply_per_lib :  ITTAPI function instrumented: __itt_thread_ignore
3672241 : 0xad94d57d013eb : 2 : ittapi_config_apply_per_lib :  ITTAPI function instrumented: __itt_thr_name_set
3672241 : 0xad94d57d01874 : 2 : ittapi_config_apply_per_lib :  ITTAPI function instrumented: __itt_thr_ignore
3672241 : 0xad94d57d01d6e : 2 : ittapi_config_apply_per_lib :  ITTAPI function instrumented: __itt_histogram_create
3672241 : 0xad94d57d021b1 : 2 : ittapi_config_apply_per_lib :  ITTAPI function instrumented: __itt_counter_create_v3
3672241 : 0xad94d57d02673 : 2 : ittapi_config_apply_per_lib :  ITTAPI function instrumented: __itt_bind_context_metadata_to_counter
3672241 : 0xad94d57d02c07 : 2 : ittapi_config_apply_per_lib :  ITTAPI function not implemented: __itt_enable_attach
3672241 : 0xad94d57d459f1 : 2 : ittapi_config_apply_per_lib :  ITTAPI function instrumented: __itt_detach
3672241 : 0xad94d57d45fe6 : 2 : ittapi_config_apply_per_lib :  ITTAPI function NOT instrumented (not matched by --itt-config option): __itt_sync_create

3672241 : 0xad94d57d4641b : 2 : ittapi_config_apply_per_lib :  ITTAPI function NOT instrumented (not matched by --itt-config option): __itt_sync_rename

3672241 : 0xad94d57d46793 : 2 : ittapi_config_apply_per_lib :  ITTAPI function NOT instrumented (not matched by --itt-config option): __itt_sync_destroy

3672241 : 0xad94d57d46b2a : 2 : ittapi_config_apply_per_lib :  ITTAPI function NOT instrumented (not matched by --itt-config option): __itt_sync_prepare

3672241 : 0xad94d57d46e78 : 2 : ittapi_config_apply_per_lib :  ITTAPI function NOT instrumented (not matched by --itt-config option): __itt_sync_cancel

3672241 : 0xad94d57d471ab : 2 : ittapi_config_apply_per_lib :  ITTAPI function NOT instrumented (not matched by --itt-config option): __itt_sync_acquired

3672241 : 0xad94d57d474eb : 2 : ittapi_config_apply_per_lib :  ITTAPI function NOT instrumented (not matched by --itt-config option): __itt_sync_releasing

3672241 : 0xad94d57d47aa5 : 2 : ittapi_config_apply_per_lib :  ITTAPI function not implemented: __itt_suppress_push
3672241 : 0xad94d57d480cc : 2 : ittapi_config_apply_per_lib :  ITTAPI function not implemented: __itt_suppress_pop
3672241 : 0xad94d57d8301a : 2 : ittapi_config_apply_per_lib :  ITTAPI function not implemented: __itt_suppress_mark_range
3672241 : 0xad94d57d83709 : 2 : ittapi_config_apply_per_lib :  ITTAPI function not implemented: __itt_suppress_clear_range
3672241 : 0xad94d57d83aa4 : 2 : ittapi_config_apply_per_lib :  ITTAPI function NOT instrumented (not matched by --itt-config option): __itt_sync_prepare

3672241 : 0xad94d57d83e27 : 2 : ittapi_config_apply_per_lib :  ITTAPI function NOT instrumented (not matched by --itt-config option): __itt_sync_cancel

3672241 : 0xad94d57d8418c : 2 : ittapi_config_apply_per_lib :  ITTAPI function NOT instrumented (not matched by --itt-config option): __itt_sync_acquired

3672241 : 0xad94d57d844e4 : 2 : ittapi_config_apply_per_lib :  ITTAPI function NOT instrumented (not matched by --itt-config option): __itt_sync_releasing

3672241 : 0xad94d57d84864 : 2 : ittapi_config_apply_per_lib :  ITTAPI function NOT instrumented (not matched by --itt-config option): __itt_model_site_begin

3672241 : 0xad94d57d84bf0 : 2 : ittapi_config_apply_per_lib :  ITTAPI function NOT instrumented (not matched by --itt-config option): __itt_model_site_end

3672241 : 0xad94d57d84f4b : 2 : ittapi_config_apply_per_lib :  ITTAPI function NOT instrumented (not matched by --itt-config option): __itt_model_task_begin

3672241 : 0xad94d57d85286 : 2 : ittapi_config_apply_per_lib :  ITTAPI function NOT instrumented (not matched by --itt-config option): __itt_model_task_end

3672241 : 0xad94d57dbc2a0 : 2 : ittapi_config_apply_per_lib :  ITTAPI function NOT instrumented (not matched by --itt-config option): __itt_model_lock_acquire

3672241 : 0xad94d57dbc7ca : 2 : ittapi_config_apply_per_lib :  ITTAPI function NOT instrumented (not matched by --itt-config option): __itt_model_lock_release

3672241 : 0xad94d57dbcb83 : 2 : ittapi_config_apply_per_lib :  ITTAPI function NOT instrumented (not matched by --itt-config option): __itt_model_record_allocation

3672241 : 0xad94d57dbceed : 2 : ittapi_config_apply_per_lib :  ITTAPI function NOT instrumented (not matched by --itt-config option): __itt_model_record_deallocation

3672241 : 0xad94d57dbd21d : 2 : ittapi_config_apply_per_lib :  ITTAPI function NOT instrumented (not matched by --itt-config option): __itt_model_induction_uses

3672241 : 0xad94d57dbd56b : 2 : ittapi_config_apply_per_lib :  ITTAPI function NOT instrumented (not matched by --itt-config option): __itt_model_reduction_uses

3672241 : 0xad94d57dbd8ab : 2 : ittapi_config_apply_per_lib :  ITTAPI function NOT instrumented (not matched by --itt-config option): __itt_model_observe_uses

3672241 : 0xad94d57dbdc05 : 2 : ittapi_config_apply_per_lib :  ITTAPI function NOT instrumented (not matched by --itt-config option): __itt_model_clear_uses

3672241 : 0xad94d57dbdf32 : 2 : ittapi_config_apply_per_lib :  ITTAPI function NOT instrumented (not matched by --itt-config option): __itt_model_site_beginA

3672241 : 0xad94d57dbe25a : 2 : ittapi_config_apply_per_lib :  ITTAPI function NOT instrumented (not matched by --itt-config option): __itt_model_site_beginAL

3672241 : 0xad94d57df7f29 : 2 : ittapi_config_apply_per_lib :  ITTAPI function NOT instrumented (not matched by --itt-config option): __itt_model_task_beginA

3672241 : 0xad94d57df845b : 2 : ittapi_config_apply_per_lib :  ITTAPI function NOT instrumented (not matched by --itt-config option): __itt_model_task_beginAL

3672241 : 0xad94d57df87b7 : 2 : ittapi_config_apply_per_lib :  ITTAPI function NOT instrumented (not matched by --itt-config option): __itt_model_iteration_taskA

3672241 : 0xad94d57df8b44 : 2 : ittapi_config_apply_per_lib :  ITTAPI function NOT instrumented (not matched by --itt-config option): __itt_model_iteration_taskAL

3672241 : 0xad94d57df8e91 : 2 : ittapi_config_apply_per_lib :  ITTAPI function NOT instrumented (not matched by --itt-config option): __itt_model_site_end_2

3672241 : 0xad94d57df91f0 : 2 : ittapi_config_apply_per_lib :  ITTAPI function NOT instrumented (not matched by --itt-config option): __itt_model_task_end_2

3672241 : 0xad94d57df9517 : 2 : ittapi_config_apply_per_lib :  ITTAPI function NOT instrumented (not matched by --itt-config option): __itt_model_lock_acquire_2

3672241 : 0xad94d57df983f : 2 : ittapi_config_apply_per_lib :  ITTAPI function NOT instrumented (not matched by --itt-config option): __itt_model_lock_release_2

3672241 : 0xad94d57df9b6e : 2 : ittapi_config_apply_per_lib :  ITTAPI function NOT instrumented (not matched by --itt-config option): __itt_model_aggregate_task

3672241 : 0xad94d57df9ea3 : 2 : ittapi_config_apply_per_lib :  ITTAPI function NOT instrumented (not matched by --itt-config option): __itt_model_disable_push

3672241 : 0xad94d57e3327a : 2 : ittapi_config_apply_per_lib :  ITTAPI function NOT instrumented (not matched by --itt-config option): __itt_model_disable_pop

3672241 : 0xad94d57e33a94 : 2 : ittapi_config_apply_per_lib :  ITTAPI function instrumented: __itt_heap_function_create
3672241 : 0xad94d57e33fa9 : 2 : ittapi_config_apply_per_lib :  ITTAPI function instrumented: __itt_heap_allocate_begin
3672241 : 0xad94d57e343f3 : 2 : ittapi_config_apply_per_lib :  ITTAPI function instrumented: __itt_heap_allocate_end
3672241 : 0xad94d57e34835 : 2 : ittapi_config_apply_per_lib :  ITTAPI function instrumented: __itt_heap_free_begin
3672241 : 0xad94d57e34c71 : 2 : ittapi_config_apply_per_lib :  ITTAPI function instrumented: __itt_heap_free_end
3672241 : 0xad94d57e350cd : 2 : ittapi_config_apply_per_lib :  ITTAPI function instrumented: __itt_heap_reallocate_begin
3672241 : 0xad94d57e354bd : 2 : ittapi_config_apply_per_lib :  ITTAPI function instrumented: __itt_heap_reallocate_end
3672241 : 0xad94d57e35a8a : 2 : ittapi_config_apply_per_lib :  ITTAPI function not implemented: __itt_heap_internal_access_begin
3672241 : 0xad94d57e36010 : 2 : ittapi_config_apply_per_lib :  ITTAPI function not implemented: __itt_heap_internal_access_end
3672241 : 0xad94d57e6c460 : 2 : ittapi_config_apply_per_lib :  ITTAPI function not implemented: __itt_heap_record_memory_growth_begin
3672241 : 0xad94d57e6cb4a : 2 : ittapi_config_apply_per_lib :  ITTAPI function not implemented: __itt_heap_record_memory_growth_end
3672241 : 0xad94d57e6d0b9 : 2 : ittapi_config_apply_per_lib :  ITTAPI function not implemented: __itt_heap_reset_detection
3672241 : 0xad94d57e6d79c : 2 : ittapi_config_apply_per_lib :  ITTAPI function not implemented: __itt_heap_record
3672241 : 0xad94d57e6dda6 : 2 : ittapi_config_apply_per_lib :  ITTAPI function not implemented: __itt_id_create
3672241 : 0xad94d57e6e323 : 2 : ittapi_config_apply_per_lib :  ITTAPI function not implemented: __itt_id_destroy
3672241 : 0xad94d57e6e7e2 : 2 : ittapi_config_apply_per_lib :  ITTAPI function instrumented: __itt_get_timestamp
3672241 : 0xad94d57e6ed10 : 2 : ittapi_config_apply_per_lib :  ITTAPI function not implemented: __itt_region_begin
3672241 : 0xad94d57e6f274 : 2 : ittapi_config_apply_per_lib :  ITTAPI function not implemented: __itt_region_end
3672241 : 0xad94d57e6f70c : 2 : ittapi_config_apply_per_lib :  ITTAPI function instrumented: __itt_frame_begin_v3
3672241 : 0xad94d57ea8eb7 : 2 : ittapi_config_apply_per_lib :  ITTAPI function instrumented: __itt_frame_end_v3
3672241 : 0xad94d57ea93bf : 2 : ittapi_config_apply_per_lib :  ITTAPI function instrumented: __itt_frame_submit_v3
3672241 : 0xad94d57ea989a : 2 : ittapi_config_apply_per_lib :  ITTAPI function not implemented: __itt_task_group
3672241 : 0xad94d57ea9ca9 : 2 : ittapi_config_apply_per_lib :  ITTAPI function instrumented: __itt_task_begin
3672241 : 0xad94d57eaa03d : 2 : ittapi_config_apply_per_lib :  ITTAPI function instrumented: __itt_task_begin_fn
3672241 : 0xad94d57eaa375 : 2 : ittapi_config_apply_per_lib :  ITTAPI function instrumented: __itt_task_end
3672241 : 0xad94d57eaa799 : 2 : ittapi_config_apply_per_lib :  ITTAPI function not implemented: __itt_counter_inc_v3
3672241 : 0xad94d57eaabfd : 2 : ittapi_config_apply_per_lib :  ITTAPI function not implemented: __itt_counter_inc_delta_v3
3672241 : 0xad94d57eaafd7 : 2 : ittapi_config_apply_per_lib :  ITTAPI function not implemented: __itt_counter_dec_v3
3672241 : 0xad94d57eab3a2 : 2 : ittapi_config_apply_per_lib :  ITTAPI function not implemented: __itt_counter_dec_delta_v3
3672241 : 0xad94d57edf8cf : 2 : ittapi_config_apply_per_lib :  ITTAPI function not implemented: __itt_marker
3672241 : 0xad94d57edfdf5 : 2 : ittapi_config_apply_per_lib :  ITTAPI function instrumented: __itt_metadata_add
3672241 : 0xad94d57ee0285 : 2 : ittapi_config_apply_per_lib :  ITTAPI function not implemented: __itt_metadata_str_add
3672241 : 0xad94d57ee06bb : 2 : ittapi_config_apply_per_lib :  ITTAPI function not implemented: __itt_relation_add_to_current
3672241 : 0xad94d57ee0a9a : 2 : ittapi_config_apply_per_lib :  ITTAPI function not implemented: __itt_relation_add
3672241 : 0xad94d57ee0e5c : 2 : ittapi_config_apply_per_lib :  ITTAPI function instrumented: __itt_event_create
3672241 : 0xad94d57ee11de : 2 : ittapi_config_apply_per_lib :  ITTAPI function instrumented: __itt_event_start
3672241 : 0xad94d57ee1543 : 2 : ittapi_config_apply_per_lib :  ITTAPI function instrumented: __itt_event_end
3672241 : 0xad94d57ee1825 : 2 : ittapi_config_apply_per_lib :  ITTAPI function NOT instrumented (not matched by --itt-config option): __itt_sync_set_name

3672241 : 0xad94d57ee1b23 : 2 : ittapi_config_apply_per_lib :  ITTAPI function NOT instrumented (not matched by --itt-config option): __itt_notify_sync_name

3672241 : 0xad94d57f1c369 : 2 : ittapi_config_apply_per_lib :  ITTAPI function NOT instrumented (not matched by --itt-config option): __itt_notify_sync_prepare

3672241 : 0xad94d57f1c778 : 2 : ittapi_config_apply_per_lib :  ITTAPI function NOT instrumented (not matched by --itt-config option): __itt_notify_sync_cancel

3672241 : 0xad94d57f1caa4 : 2 : ittapi_config_apply_per_lib :  ITTAPI function NOT instrumented (not matched by --itt-config option): __itt_notify_sync_acquired

3672241 : 0xad94d57f1cd45 : 2 : ittapi_config_apply_per_lib :  ITTAPI function NOT instrumented (not matched by --itt-config option): __itt_notify_sync_releasing

3672241 : 0xad94d57f1d262 : 2 : ittapi_config_apply_per_lib :  ITTAPI function not implemented: __itt_memory_read
3672241 : 0xad94d57f1d708 : 2 : ittapi_config_apply_per_lib :  ITTAPI function not implemented: __itt_memory_write
3672241 : 0xad94d57f1dc3c : 2 : ittapi_config_apply_per_lib :  ITTAPI function not implemented: __itt_memory_update
3672241 : 0xad94d57f1e0c7 : 2 : ittapi_config_apply_per_lib :  ITTAPI function not implemented: __itt_state_get
3672241 : 0xad94d57f1e4ae : 2 : ittapi_config_apply_per_lib :  ITTAPI function not implemented: __itt_state_set
3672241 : 0xad94d57f1e89f : 2 : ittapi_config_apply_per_lib :  ITTAPI function not implemented: __itt_obj_mode_set
3672241 : 0xad94d57f52fb7 : 2 : ittapi_config_apply_per_lib :  ITTAPI function not implemented: __itt_thr_mode_set
3672241 : 0xad94d57f534af : 2 : ittapi_config_apply_per_lib :  ITTAPI function instrumented: __itt_frame_create
3672241 : 0xad94d57f53842 : 2 : ittapi_config_apply_per_lib :  ITTAPI function instrumented: __itt_pt_region_create
3672241 : 0xad94d57f53bca : 2 : ittapi_config_apply_per_lib :  ITTAPI function instrumented: __itt_frame_begin
3672241 : 0xad94d57f53f47 : 2 : ittapi_config_apply_per_lib :  ITTAPI function instrumented: __itt_frame_end
3672241 : 0xad94d57f5435e : 2 : ittapi_config_apply_per_lib :  ITTAPI function not implemented: __itt_counter_destroy
3672241 : 0xad94d57f54741 : 2 : ittapi_config_apply_per_lib :  ITTAPI function instrumented: __itt_counter_inc
3672241 : 0xad94d57f54ac2 : 2 : ittapi_config_apply_per_lib :  ITTAPI function instrumented: __itt_counter_inc_delta
3672241 : 0xad94d57f54e0f : 2 : ittapi_config_apply_per_lib :  ITTAPI function instrumented: __itt_counter_dec
3672241 : 0xad94d57f5516a : 2 : ittapi_config_apply_per_lib :  ITTAPI function instrumented: __itt_counter_dec_delta
3672241 : 0xad94d57f8a165 : 2 : ittapi_config_apply_per_lib :  ITTAPI function instrumented: __itt_counter_set_value
3672241 : 0xad94d57f8a6f7 : 2 : ittapi_config_apply_per_lib :  ITTAPI function not implemented: __itt_counter_set_value_ex
3672241 : 0xad94d57f8ab3a : 2 : ittapi_config_apply_per_lib :  ITTAPI function not implemented: __itt_mark_create
3672241 : 0xad94d57f8af86 : 2 : ittapi_config_apply_per_lib :  ITTAPI function not implemented: __itt_mark
3672241 : 0xad94d57f8b3b2 : 2 : ittapi_config_apply_per_lib :  ITTAPI function not implemented: __itt_mark_off
3672241 : 0xad94d57f8b788 : 2 : ittapi_config_apply_per_lib :  ITTAPI function not implemented: __itt_mark_global
3672241 : 0xad94d57f8bb69 : 2 : ittapi_config_apply_per_lib :  ITTAPI function not implemented: __itt_mark_global_off
3672241 : 0xad94d57f8bf71 : 2 : ittapi_config_apply_per_lib :  ITTAPI function instrumented: __itt_stack_caller_create
3672241 : 0xad94d57f8c2f6 : 2 : ittapi_config_apply_per_lib :  ITTAPI function instrumented: __itt_stack_caller_destroy
3672241 : 0xad94d57f8c665 : 2 : ittapi_config_apply_per_lib :  ITTAPI function instrumented: __itt_stack_callee_enter
3672241 : 0xad94d57fce758 : 2 : ittapi_config_apply_per_lib :  ITTAPI function instrumented: __itt_stack_callee_leave
3672241 : 0xad94d57fced23 : 2 : ittapi_config_apply_per_lib :  ITTAPI function not implemented: __itt_clock_domain_create
3672241 : 0xad94d57fcf1b7 : 2 : ittapi_config_apply_per_lib :  ITTAPI function not implemented: __itt_clock_domain_reset
3672241 : 0xad94d57fcf5c0 : 2 : ittapi_config_apply_per_lib :  ITTAPI function not implemented: __itt_id_create_ex
3672241 : 0xad94d57fcf9e1 : 2 : ittapi_config_apply_per_lib :  ITTAPI function not implemented: __itt_id_destroy_ex
3672241 : 0xad94d57fcfde7 : 2 : ittapi_config_apply_per_lib :  ITTAPI function not implemented: __itt_task_begin_ex
3672241 : 0xad94d57fd01ef : 2 : ittapi_config_apply_per_lib :  ITTAPI function not implemented: __itt_task_begin_fn_ex
3672241 : 0xad94d57fd05b6 : 2 : ittapi_config_apply_per_lib :  ITTAPI function not implemented: __itt_task_end_ex
3672241 : 0xad94d57fd0978 : 2 : ittapi_config_apply_per_lib :  ITTAPI function instrumented: __itt_task_begin_overlapped
3672241 : 0xad94d57fd0d66 : 2 : ittapi_config_apply_per_lib :  ITTAPI function not implemented: __itt_task_begin_overlapped_ex
3672241 : 0xad94d58014a80 : 2 : ittapi_config_apply_per_lib :  ITTAPI function instrumented: __itt_task_end_overlapped
3672241 : 0xad94d58014ff8 : 2 : ittapi_config_apply_per_lib :  ITTAPI function not implemented: __itt_task_end_overlapped_ex
3672241 : 0xad94d58015418 : 2 : ittapi_config_apply_per_lib :  ITTAPI function not implemented: __itt_marker_ex
3672241 : 0xad94d580158ce : 2 : ittapi_config_apply_per_lib :  ITTAPI function not implemented: __itt_metadata_add_with_scope
3672241 : 0xad94d58015d0a : 2 : ittapi_config_apply_per_lib :  ITTAPI function not implemented: __itt_metadata_str_add_with_scope
3672241 : 0xad94d58016148 : 2 : ittapi_config_apply_per_lib :  ITTAPI function not implemented: __itt_relation_add_to_current_ex
3672241 : 0xad94d5801652b : 2 : ittapi_config_apply_per_lib :  ITTAPI function not implemented: __itt_relation_add_ex
3672241 : 0xad94d58016961 : 2 : ittapi_config_apply_per_lib :  ITTAPI function not implemented: __itt_track_group_create
3672241 : 0xad94d58016cee : 2 : ittapi_config_apply_per_lib :  ITTAPI function not implemented: __itt_track_create
3672241 : 0xad94d580170df : 2 : ittapi_config_apply_per_lib :  ITTAPI function not implemented: __itt_set_track
3672241 : 0xad94d5804f6e3 : 2 : ittapi_config_apply_per_lib :  ITTAPI function instrumented: __itt_api_version
3672241 : 0xad94d5804fc81 : 2 : ittapi_config_apply_per_lib :  ITTAPI function not implemented: __itt_av_save
3672241 : 0xad94d5805003b : 2 : ittapi_config_apply_per_lib :  ITTAPI function instrumented: __itt_module_load
3672241 : 0xad94d580504a3 : 2 : ittapi_config_apply_per_lib :  ITTAPI function not implemented: __itt_module_unload
3672241 : 0xad94d58050784 : 2 : ittapi_config_apply_per_lib :  ITTAPI function NOT instrumented (not matched by --itt-config option): __itt_histogram_submit

3672241 : 0xad94d58050b3e : 2 : ittapi_config_apply_per_lib :  ITTAPI function instrumented: __itt_counter_set_value_v3
3672241 : 0xad94d62b27749 : 2 : ittapi_config_mask_get :  --itt-config mask to be applied: 55
3672241 : 0xad94d62b28f1a : 2 : ittapi_config_apply_per_lib :  ITTAPI function instrumented: __itt_domain_create
3672241 : 0xad94d62b294e6 : 2 : ittapi_config_apply_per_lib :  ITTAPI function instrumented: __itt_module_load_with_sections
3672241 : 0xad94d62b29a3d : 2 : ittapi_config_apply_per_lib :  ITTAPI function not implemented: __itt_module_unload_with_sections
3672241 : 0xad94d62b94815 : 2 : ittapi_config_apply_per_lib :  ITTAPI function instrumented: __itt_string_handle_create
3672241 : 0xad94d62b94dc5 : 2 : ittapi_config_apply_per_lib :  ITTAPI function instrumented: __itt_counter_create
3672241 : 0xad94d62b951ef : 2 : ittapi_config_apply_per_lib :  ITTAPI function instrumented: __itt_counter_create_typed
3672241 : 0xad94d62b955b7 : 2 : ittapi_config_apply_per_lib :  ITTAPI function instrumented: __itt_pause
3672241 : 0xad94d62b9593d : 2 : ittapi_config_apply_per_lib :  ITTAPI function instrumented: __itt_resume
3672241 : 0xad94d62b95e96 : 2 : ittapi_config_apply_per_lib :  ITTAPI function not implemented: __itt_pause_scoped
3672241 : 0xad94d62b963a0 : 2 : ittapi_config_apply_per_lib :  ITTAPI function not implemented: __itt_resume_scoped
3672241 : 0xad94d62b96779 : 2 : ittapi_config_apply_per_lib :  ITTAPI function instrumented: __itt_thread_set_name
3672241 : 0xad94d62b96b18 : 2 : ittapi_config_apply_per_lib :  ITTAPI function instrumented: __itt_thread_ignore
3672241 : 0xad94d62b96f23 : 2 : ittapi_config_apply_per_lib :  ITTAPI function instrumented: __itt_thr_name_set
3672241 : 0xad94d62bd690c : 2 : ittapi_config_apply_per_lib :  ITTAPI function instrumented: __itt_thr_ignore
3672241 : 0xad94d62bd6e6f : 2 : ittapi_config_apply_per_lib :  ITTAPI function instrumented: __itt_histogram_create
3672241 : 0xad94d62bd71d4 : 2 : ittapi_config_apply_per_lib :  ITTAPI function instrumented: __itt_counter_create_v3
3672241 : 0xad94d62bd76e1 : 2 : ittapi_config_apply_per_lib :  ITTAPI function instrumented: __itt_bind_context_metadata_to_counter
3672241 : 0xad94d62bd7bb4 : 2 : ittapi_config_apply_per_lib :  ITTAPI function not implemented: __itt_enable_attach
3672241 : 0xad94d62bd7fe7 : 2 : ittapi_config_apply_per_lib :  ITTAPI function instrumented: __itt_detach
3672241 : 0xad94d62bd82ea : 2 : ittapi_config_apply_per_lib :  ITTAPI function NOT instrumented (not matched by --itt-config option): __itt_sync_create

3672241 : 0xad94d62bd85df : 2 : ittapi_config_apply_per_lib :  ITTAPI function NOT instrumented (not matched by --itt-config option): __itt_sync_rename

3672241 : 0xad94d62bd88ca : 2 : ittapi_config_apply_per_lib :  ITTAPI function NOT instrumented (not matched by --itt-config option): __itt_sync_destroy

3672241 : 0xad94d62bd8b7e : 2 : ittapi_config_apply_per_lib :  ITTAPI function NOT instrumented (not matched by --itt-config option): __itt_sync_prepare

3672241 : 0xad94d62c14e6a : 2 : ittapi_config_apply_per_lib :  ITTAPI function NOT instrumented (not matched by --itt-config option): __itt_sync_cancel

3672241 : 0xad94d62c15245 : 2 : ittapi_config_apply_per_lib :  ITTAPI function NOT instrumented (not matched by --itt-config option): __itt_sync_acquired

3672241 : 0xad94d62c154e7 : 2 : ittapi_config_apply_per_lib :  ITTAPI function NOT instrumented (not matched by --itt-config option): __itt_sync_releasing

3672241 : 0xad94d62c15a1d : 2 : ittapi_config_apply_per_lib :  ITTAPI function not implemented: __itt_suppress_push
3672241 : 0xad94d62c15f33 : 2 : ittapi_config_apply_per_lib :  ITTAPI function not implemented: __itt_suppress_pop
3672241 : 0xad94d62c16362 : 2 : ittapi_config_apply_per_lib :  ITTAPI function not implemented: __itt_suppress_mark_range
3672241 : 0xad94d62c16798 : 2 : ittapi_config_apply_per_lib :  ITTAPI function not implemented: __itt_suppress_clear_range
3672241 : 0xad94d62c16a39 : 2 : ittapi_config_apply_per_lib :  ITTAPI function NOT instrumented (not matched by --itt-config option): __itt_sync_prepare

3672241 : 0xad94d62c16d10 : 2 : ittapi_config_apply_per_lib :  ITTAPI function NOT instrumented (not matched by --itt-config option): __itt_sync_cancel

3672241 : 0xad94d62c16f99 : 2 : ittapi_config_apply_per_lib :  ITTAPI function NOT instrumented (not matched by --itt-config option): __itt_sync_acquired

3672241 : 0xad94d62c4d4fb : 2 : ittapi_config_apply_per_lib :  ITTAPI function NOT instrumented (not matched by --itt-config option): __itt_sync_releasing

3672241 : 0xad94d62c4d909 : 2 : ittapi_config_apply_per_lib :  ITTAPI function NOT instrumented (not matched by --itt-config option): __itt_model_site_begin

3672241 : 0xad94d62c4dbf3 : 2 : ittapi_config_apply_per_lib :  ITTAPI function NOT instrumented (not matched by --itt-config option): __itt_model_site_end

3672241 : 0xad94d62c4dea7 : 2 : ittapi_config_apply_per_lib :  ITTAPI function NOT instrumented (not matched by --itt-config option): __itt_model_task_begin

3672241 : 0xad94d62c4e138 : 2 : ittapi_config_apply_per_lib :  ITTAPI function NOT instrumented (not matched by --itt-config option): __itt_model_task_end

3672241 : 0xad94d62c4e3ce : 2 : ittapi_config_apply_per_lib :  ITTAPI function NOT instrumented (not matched by --itt-config option): __itt_model_lock_acquire

3672241 : 0xad94d62c4e6ed : 2 : ittapi_config_apply_per_lib :  ITTAPI function NOT instrumented (not matched by --itt-config option): __itt_model_lock_release

3672241 : 0xad94d62c4e998 : 2 : ittapi_config_apply_per_lib :  ITTAPI function NOT instrumented (not matched by --itt-config option): __itt_model_record_allocation

3672241 : 0xad94d62c4ec2b : 2 : ittapi_config_apply_per_lib :  ITTAPI function NOT instrumented (not matched by --itt-config option): __itt_model_record_deallocation

3672241 : 0xad94d62c4eea5 : 2 : ittapi_config_apply_per_lib :  ITTAPI function NOT instrumented (not matched by --itt-config option): __itt_model_induction_uses

3672241 : 0xad94d62c9092e : 2 : ittapi_config_apply_per_lib :  ITTAPI function NOT instrumented (not matched by --itt-config option): __itt_model_reduction_uses

3672241 : 0xad94d62c90d2c : 2 : ittapi_config_apply_per_lib :  ITTAPI function NOT instrumented (not matched by --itt-config option): __itt_model_observe_uses

3672241 : 0xad94d62c90ff9 : 2 : ittapi_config_apply_per_lib :  ITTAPI function NOT instrumented (not matched by --itt-config option): __itt_model_clear_uses

3672241 : 0xad94d62c91278 : 2 : ittapi_config_apply_per_lib :  ITTAPI function NOT instrumented (not matched by --itt-config option): __itt_model_site_beginA

3672241 : 0xad94d62c91502 : 2 : ittapi_config_apply_per_lib :  ITTAPI function NOT instrumented (not matched by --itt-config option): __itt_model_site_beginAL

3672241 : 0xad94d62c91780 : 2 : ittapi_config_apply_per_lib :  ITTAPI function NOT instrumented (not matched by --itt-config option): __itt_model_task_beginA

3672241 : 0xad94d62c91a92 : 2 : ittapi_config_apply_per_lib :  ITTAPI function NOT instrumented (not matched by --itt-config option): __itt_model_task_beginAL

3672241 : 0xad94d62c91d17 : 2 : ittapi_config_apply_per_lib :  ITTAPI function NOT instrumented (not matched by --itt-config option): __itt_model_iteration_taskA

3672241 : 0xad94d62c91fa4 : 2 : ittapi_config_apply_per_lib :  ITTAPI function NOT instrumented (not matched by --itt-config option): __itt_model_iteration_taskAL

3672241 : 0xad94d62c9222f : 2 : ittapi_config_apply_per_lib :  ITTAPI function NOT instrumented (not matched by --itt-config option): __itt_model_site_end_2

3672241 : 0xad94d62ccf90b : 2 : ittapi_config_apply_per_lib :  ITTAPI function NOT instrumented (not matched by --itt-config option): __itt_model_task_end_2

3672241 : 0xad94d62ccfce5 : 2 : ittapi_config_apply_per_lib :  ITTAPI function NOT instrumented (not matched by --itt-config option): __itt_model_lock_acquire_2

3672241 : 0xad94d62ccff87 : 2 : ittapi_config_apply_per_lib :  ITTAPI function NOT instrumented (not matched by --itt-config option): __itt_model_lock_release_2

3672241 : 0xad94d62cd0218 : 2 : ittapi_config_apply_per_lib :  ITTAPI function NOT instrumented (not matched by --itt-config option): __itt_model_aggregate_task

3672241 : 0xad94d62cd0499 : 2 : ittapi_config_apply_per_lib :  ITTAPI function NOT instrumented (not matched by --itt-config option): __itt_model_disable_push

3672241 : 0xad94d62cd0719 : 2 : ittapi_config_apply_per_lib :  ITTAPI function NOT instrumented (not matched by --itt-config option): __itt_model_disable_pop

3672241 : 0xad94d62cd0b8c : 2 : ittapi_config_apply_per_lib :  ITTAPI function instrumented: __itt_heap_function_create
3672241 : 0xad94d62cd0f96 : 2 : ittapi_config_apply_per_lib :  ITTAPI function instrumented: __itt_heap_allocate_begin
3672241 : 0xad94d62cd12f2 : 2 : ittapi_config_apply_per_lib :  ITTAPI function instrumented: __itt_heap_allocate_end
3672241 : 0xad94d62cd168c : 2 : ittapi_config_apply_per_lib :  ITTAPI function instrumented: __itt_heap_free_begin
3672241 : 0xad94d62d0d518 : 2 : ittapi_config_apply_per_lib :  ITTAPI function instrumented: __itt_heap_free_end
3672241 : 0xad94d62d0da13 : 2 : ittapi_config_apply_per_lib :  ITTAPI function instrumented: __itt_heap_reallocate_begin
3672241 : 0xad94d62d0dd82 : 2 : ittapi_config_apply_per_lib :  ITTAPI function instrumented: __itt_heap_reallocate_end
3672241 : 0xad94d62d0e22c : 2 : ittapi_config_apply_per_lib :  ITTAPI function not implemented: __itt_heap_internal_access_begin
3672241 : 0xad94d62d0e67e : 2 : ittapi_config_apply_per_lib :  ITTAPI function not implemented: __itt_heap_internal_access_end
3672241 : 0xad94d62d0eb30 : 2 : ittapi_config_apply_per_lib :  ITTAPI function not implemented: __itt_heap_record_memory_growth_begin
3672241 : 0xad94d62d0ef7b : 2 : ittapi_config_apply_per_lib :  ITTAPI function not implemented: __itt_heap_record_memory_growth_end
3672241 : 0xad94d62d0f37c : 2 : ittapi_config_apply_per_lib :  ITTAPI function not implemented: __itt_heap_reset_detection
3672241 : 0xad94d62d0f7d1 : 2 : ittapi_config_apply_per_lib :  ITTAPI function not implemented: __itt_heap_record
3672241 : 0xad94d62d0fc23 : 2 : ittapi_config_apply_per_lib :  ITTAPI function not implemented: __itt_id_create
3672241 : 0xad94d62d4f3a0 : 2 : ittapi_config_apply_per_lib :  ITTAPI function not implemented: __itt_id_destroy
3672241 : 0xad94d62d4f8ae : 2 : ittapi_config_apply_per_lib :  ITTAPI function instrumented: __itt_get_timestamp
3672241 : 0xad94d62d4fced : 2 : ittapi_config_apply_per_lib :  ITTAPI function not implemented: __itt_region_begin
3672241 : 0xad94d62d50106 : 2 : ittapi_config_apply_per_lib :  ITTAPI function not implemented: __itt_region_end
3672241 : 0xad94d62d504e7 : 2 : ittapi_config_apply_per_lib :  ITTAPI function instrumented: __itt_frame_begin_v3
3672241 : 0xad94d62d508a8 : 2 : ittapi_config_apply_per_lib :  ITTAPI function instrumented: __itt_frame_end_v3
3672241 : 0xad94d62d50cb0 : 2 : ittapi_config_apply_per_lib :  ITTAPI function instrumented: __itt_frame_submit_v3
3672241 : 0xad94d62d510e8 : 2 : ittapi_config_apply_per_lib :  ITTAPI function not implemented: __itt_task_group
3672241 : 0xad94d62d514f4 : 2 : ittapi_config_apply_per_lib :  ITTAPI function instrumented: __itt_task_begin
3672241 : 0xad94d62d5185a : 2 : ittapi_config_apply_per_lib :  ITTAPI function instrumented: __itt_task_begin_fn
3672241 : 0xad94d62d93811 : 2 : ittapi_config_apply_per_lib :  ITTAPI function instrumented: __itt_task_end
3672241 : 0xad94d62d93dc9 : 2 : ittapi_config_apply_per_lib :  ITTAPI function not implemented: __itt_counter_inc_v3
3672241 : 0xad94d62d9422e : 2 : ittapi_config_apply_per_lib :  ITTAPI function not implemented: __itt_counter_inc_delta_v3
3672241 : 0xad94d62d94626 : 2 : ittapi_config_apply_per_lib :  ITTAPI function not implemented: __itt_counter_dec_v3
3672241 : 0xad94d62d94a00 : 2 : ittapi_config_apply_per_lib :  ITTAPI function not implemented: __itt_counter_dec_delta_v3
3672241 : 0xad94d62d94dfc : 2 : ittapi_config_apply_per_lib :  ITTAPI function not implemented: __itt_marker
3672241 : 0xad94d62d95196 : 2 : ittapi_config_apply_per_lib :  ITTAPI function instrumented: __itt_metadata_add
3672241 : 0xad94d62d955e2 : 2 : ittapi_config_apply_per_lib :  ITTAPI function not implemented: __itt_metadata_str_add
3672241 : 0xad94d62d959c4 : 2 : ittapi_config_apply_per_lib :  ITTAPI function not implemented: __itt_relation_add_to_current
3672241 : 0xad94d62d95d9b : 2 : ittapi_config_apply_per_lib :  ITTAPI function not implemented: __itt_relation_add
3672241 : 0xad94d62dd1aa4 : 2 : ittapi_config_apply_per_lib :  ITTAPI function instrumented: __itt_event_create
3672241 : 0xad94d62dd2023 : 2 : ittapi_config_apply_per_lib :  ITTAPI function instrumented: __itt_event_start
3672241 : 0xad94d62dd23cf : 2 : ittapi_config_apply_per_lib :  ITTAPI function instrumented: __itt_event_end
3672241 : 0xad94d62dd2738 : 2 : ittapi_config_apply_per_lib :  ITTAPI function NOT instrumented (not matched by --itt-config option): __itt_sync_set_name

3672241 : 0xad94d62dd2a7e : 2 : ittapi_config_apply_per_lib :  ITTAPI function NOT instrumented (not matched by --itt-config option): __itt_notify_sync_name

3672241 : 0xad94d62dd2d0c : 2 : ittapi_config_apply_per_lib :  ITTAPI function NOT instrumented (not matched by --itt-config option): __itt_notify_sync_prepare

3672241 : 0xad94d62dd2fb6 : 2 : ittapi_config_apply_per_lib :  ITTAPI function NOT instrumented (not matched by --itt-config option): __itt_notify_sync_cancel

3672241 : 0xad94d62dd329d : 2 : ittapi_config_apply_per_lib :  ITTAPI function NOT instrumented (not matched by --itt-config option): __itt_notify_sync_acquired

3672241 : 0xad94d62dd3529 : 2 : ittapi_config_apply_per_lib :  ITTAPI function NOT instrumented (not matched by --itt-config option): __itt_notify_sync_releasing

3672241 : 0xad94d62dd39a8 : 2 : ittapi_config_apply_per_lib :  ITTAPI function not implemented: __itt_memory_read
3672241 : 0xad94d62e13de5 : 2 : ittapi_config_apply_per_lib :  ITTAPI function not implemented: __itt_memory_write
3672241 : 0xad94d62e144bf : 2 : ittapi_config_apply_per_lib :  ITTAPI function not implemented: __itt_memory_update
3672241 : 0xad94d62e1496a : 2 : ittapi_config_apply_per_lib :  ITTAPI function not implemented: __itt_state_get
3672241 : 0xad94d62e14d56 : 2 : ittapi_config_apply_per_lib :  ITTAPI function not implemented: __itt_state_set
3672241 : 0xad94d62e15123 : 2 : ittapi_config_apply_per_lib :  ITTAPI function not implemented: __itt_obj_mode_set
3672241 : 0xad94d62e154e2 : 2 : ittapi_config_apply_per_lib :  ITTAPI function not implemented: __itt_thr_mode_set
3672241 : 0xad94d62e158bc : 2 : ittapi_config_apply_per_lib :  ITTAPI function instrumented: __itt_frame_create
3672241 : 0xad94d62e15cc7 : 2 : ittapi_config_apply_per_lib :  ITTAPI function instrumented: __itt_pt_region_create
3672241 : 0xad94d62e16055 : 2 : ittapi_config_apply_per_lib :  ITTAPI function instrumented: __itt_frame_begin
3672241 : 0xad94d62e163d1 : 2 : ittapi_config_apply_per_lib :  ITTAPI function instrumented: __itt_frame_end
3672241 : 0xad94d62e56055 : 2 : ittapi_config_apply_per_lib :  ITTAPI function not implemented: __itt_counter_destroy
3672241 : 0xad94d62e5655c : 2 : ittapi_config_apply_per_lib :  ITTAPI function instrumented: __itt_counter_inc
3672241 : 0xad94d62e568e8 : 2 : ittapi_config_apply_per_lib :  ITTAPI function instrumented: __itt_counter_inc_delta
3672241 : 0xad94d62e56c7e : 2 : ittapi_config_apply_per_lib :  ITTAPI function instrumented: __itt_counter_dec
3672241 : 0xad94d62e56fcf : 2 : ittapi_config_apply_per_lib :  ITTAPI function instrumented: __itt_counter_dec_delta
3672241 : 0xad94d62e5734f : 2 : ittapi_config_apply_per_lib :  ITTAPI function instrumented: __itt_counter_set_value
3672241 : 0xad94d62e5771c : 2 : ittapi_config_apply_per_lib :  ITTAPI function not implemented: __itt_counter_set_value_ex
3672241 : 0xad94d62e57b1c : 2 : ittapi_config_apply_per_lib :  ITTAPI function not implemented: __itt_mark_create
3672241 : 0xad94d62e57f06 : 2 : ittapi_config_apply_per_lib :  ITTAPI function not implemented: __itt_mark
3672241 : 0xad94d62e58301 : 2 : ittapi_config_apply_per_lib :  ITTAPI function not implemented: __itt_mark_off
3672241 : 0xad94d62e93f89 : 2 : ittapi_config_apply_per_lib :  ITTAPI function not implemented: __itt_mark_global
3672241 : 0xad94d62e944c8 : 2 : ittapi_config_apply_per_lib :  ITTAPI function not implemented: __itt_mark_global_off
3672241 : 0xad94d62e94951 : 2 : ittapi_config_apply_per_lib :  ITTAPI function instrumented: __itt_stack_caller_create
3672241 : 0xad94d62e94ce8 : 2 : ittapi_config_apply_per_lib :  ITTAPI function instrumented: __itt_stack_caller_destroy
3672241 : 0xad94d62e950ab : 2 : ittapi_config_apply_per_lib :  ITTAPI function instrumented: __itt_stack_callee_enter
3672241 : 0xad94d62e953dc : 2 : ittapi_config_apply_per_lib :  ITTAPI function instrumented: __itt_stack_callee_leave
3672241 : 0xad94d62e957a5 : 2 : ittapi_config_apply_per_lib :  ITTAPI function not implemented: __itt_clock_domain_create
3672241 : 0xad94d62e95c05 : 2 : ittapi_config_apply_per_lib :  ITTAPI function not implemented: __itt_clock_domain_reset
3672241 : 0xad94d62e96016 : 2 : ittapi_config_apply_per_lib :  ITTAPI function not implemented: __itt_id_create_ex
3672241 : 0xad94d62e96460 : 2 : ittapi_config_apply_per_lib :  ITTAPI function not implemented: __itt_id_destroy_ex
3672241 : 0xad94d62ed5ad1 : 2 : ittapi_config_apply_per_lib :  ITTAPI function not implemented: __itt_task_begin_ex
3672241 : 0xad94d62ed606b : 2 : ittapi_config_apply_per_lib :  ITTAPI function not implemented: __itt_task_begin_fn_ex
3672241 : 0xad94d62ed6482 : 2 : ittapi_config_apply_per_lib :  ITTAPI function not implemented: __itt_task_end_ex
3672241 : 0xad94d62ed6852 : 2 : ittapi_config_apply_per_lib :  ITTAPI function instrumented: __itt_task_begin_overlapped
3672241 : 0xad94d62ed6c3c : 2 : ittapi_config_apply_per_lib :  ITTAPI function not implemented: __itt_task_begin_overlapped_ex
3672241 : 0xad94d62ed703d : 2 : ittapi_config_apply_per_lib :  ITTAPI function instrumented: __itt_task_end_overlapped
3672241 : 0xad94d62ed7430 : 2 : ittapi_config_apply_per_lib :  ITTAPI function not implemented: __itt_task_end_overlapped_ex
3672241 : 0xad94d62ed7815 : 2 : ittapi_config_apply_per_lib :  ITTAPI function not implemented: __itt_marker_ex
3672241 : 0xad94d62ed7c51 : 2 : ittapi_config_apply_per_lib :  ITTAPI function not implemented: __itt_metadata_add_with_scope
3672241 : 0xad94d62ed8076 : 2 : ittapi_config_apply_per_lib :  ITTAPI function not implemented: __itt_metadata_str_add_with_scope
3672241 : 0xad94d62f10a67 : 2 : ittapi_config_apply_per_lib :  ITTAPI function not implemented: __itt_relation_add_to_current_ex
3672241 : 0xad94d62f10fcc : 2 : ittapi_config_apply_per_lib :  ITTAPI function not implemented: __itt_relation_add_ex
3672241 : 0xad94d62f11441 : 2 : ittapi_config_apply_per_lib :  ITTAPI function not implemented: __itt_track_group_create
3672241 : 0xad94d62f1180f : 2 : ittapi_config_apply_per_lib :  ITTAPI function not implemented: __itt_track_create
3672241 : 0xad94d62f11be8 : 2 : ittapi_config_apply_per_lib :  ITTAPI function not implemented: __itt_set_track
3672241 : 0xad94d62f11f98 : 2 : ittapi_config_apply_per_lib :  ITTAPI function instrumented: __itt_api_version
3672241 : 0xad94d62f123b1 : 2 : ittapi_config_apply_per_lib :  ITTAPI function not implemented: __itt_av_save
3672241 : 0xad94d62f12786 : 2 : ittapi_config_apply_per_lib :  ITTAPI function instrumented: __itt_module_load
3672241 : 0xad94d62f12b93 : 2 : ittapi_config_apply_per_lib :  ITTAPI function not implemented: __itt_module_unload
3672241 : 0xad94d62f12e66 : 2 : ittapi_config_apply_per_lib :  ITTAPI function NOT instrumented (not matched by --itt-config option): __itt_histogram_submit

3672241 : 0xad94d62f49921 : 2 : ittapi_config_apply_per_lib :  ITTAPI function instrumented: __itt_counter_set_value_v3