
3024 : 0xbadc267002a8f : 3 : logger_init :  LOG FILE OPENED (by collectunits.logger), level: 4
3024 : 0xbadc26715c524 : 4 : pytrace_try_probe_python_functions :  Python version is detected as == 0x0
3024 : 0xbadc26743e5a1 : 4 : pytrace_try_probe_python_functions :  Python version is detected as == 0x0
3024 : 0xbadc2677d5dcc : 4 : pytrace_try_probe_python_functions :  Python version is detected as == 0x0
3024 : 0xbadc26791206f : 4 : pytrace_try_probe_python_functions :  Python version is detected as == 0x0
3024 : 0xbadc267f487eb : 4 : pytrace_try_probe_python_functions :  Python version is detected as == 0x0
3024 : 0xbadc26bfb6d1a : 4 : pytrace_try_probe_python_functions :  Python version is detected as == 0x0
3024 : 0xbadc26c426a8b : 4 : pytrace_start_profiling :  [CALLED]
3024 : 0xbadc26c56e135 : 4 : pytrace_try_probe_python_functions :  Python version is detected as == 0x0
3059 : 0xbadc27f285751 : 4 : pytrace_start_profiling :  [CALLED]
3024 : 0xbadc267002a8f : 3 : logger_init :  LOG FILE OPENED (by collectunits.logger), level: 4
3024 : 0xbadc26715c524 : 4 : pytrace_try_probe_python_functions :  Python version is detected as == 0x0
3024 : 0xbadc26743e5a1 : 4 : pytrace_try_probe_python_functions :  Python version is detected as == 0x0
3024 : 0xbadc2677d5dcc : 4 : pytrace_try_probe_python_functions :  Python version is detected as == 0x0
3024 : 0xbadc26791206f : 4 : pytrace_try_probe_python_functions :  Python version is detected as == 0x0
3024 : 0xbadc267f487eb : 4 : pytrace_try_probe_python_functions :  Python version is detected as == 0x0
3024 : 0xbadc26bfb6d1a : 4 : pytrace_try_probe_python_functions :  Python version is detected as == 0x0
3024 : 0xbadc26c426a8b : 4 : pytrace_start_profiling :  [CALLED]
3024 : 0xbadc26c56e135 : 4 : pytrace_try_probe_python_functions :  Python version is detected as == 0x0
3062 : 0xbadc27f3535a2 : 4 : pytrace_start_profiling :  [CALLED]
3024 : 0xbadc267002a8f : 3 : logger_init :  LOG FILE OPENED (by collectunits.logger), level: 4
3024 : 0xbadc26715c524 : 4 : pytrace_try_probe_python_functions :  Python version is detected as == 0x0
3024 : 0xbadc26743e5a1 : 4 : pytrace_try_probe_python_functions :  Python version is detected as == 0x0
3024 : 0xbadc2677d5dcc : 4 : pytrace_try_probe_python_functions :  Python version is detected as == 0x0
3024 : 0xbadc26791206f : 4 : pytrace_try_probe_python_functions :  Python version is detected as == 0x0
3024 : 0xbadc267f487eb : 4 : pytrace_try_probe_python_functions :  Python version is detected as == 0x0
3024 : 0xbadc26bfb6d1a : 4 : pytrace_try_probe_python_functions :  Python version is detected as == 0x0
3024 : 0xbadc26c426a8b : 4 : pytrace_start_profiling :  [CALLED]
3024 : 0xbadc26c56e135 : 4 : pytrace_try_probe_python_functions :  Python version is detected as == 0x0
3064 : 0xbadc27f5105b1 : 4 : pytrace_start_profiling :  [CALLED]
3059 : 0xbadc27f532a30 : 4 : pytrace_stop_profiling :  [CALLED]
3059 : 0xbadc27f5363a1 : 3 : logger_fini :  LOG FILE CLOSED (by collectunits.logger)
3062 : 0xbadc27f6d0ed5 : 4 : pytrace_stop_profiling :  [CALLED]
3062 : 0xbadc27f6d3a6f : 3 : logger_fini :  LOG FILE CLOSED (by collectunits.logger)
3064 : 0xbadc27f7ee58d : 4 : pytrace_stop_profiling :  [CALLED]
3064 : 0xbadc27f7f0c29 : 3 : logger_fini :  LOG FILE CLOSED (by collectunits.logger)
3024 : 0xbadc267002a8f : 3 : logger_init :  LOG FILE OPENED (by collectunits.logger), level: 4
3024 : 0xbadc26715c524 : 4 : pytrace_try_probe_python_functions :  Python version is detected as == 0x0
3024 : 0xbadc26743e5a1 : 4 : pytrace_try_probe_python_functions :  Python version is detected as == 0x0
3024 : 0xbadc2677d5dcc : 4 : pytrace_try_probe_python_functions :  Python version is detected as == 0x0
3024 : 0xbadc26791206f : 4 : pytrace_try_probe_python_functions :  Python version is detected as == 0x0
3024 : 0xbadc267f487eb : 4 : pytrace_try_probe_python_functions :  Python version is detected as == 0x0
3024 : 0xbadc26bfb6d1a : 4 : pytrace_try_probe_python_functions :  Python version is detected as == 0x0
3024 : 0xbadc26c426a8b : 4 : pytrace_start_profiling :  [CALLED]
3024 : 0xbadc26c56e135 : 4 : pytrace_try_probe_python_functions :  Python version is detected as == 0x0
3066 : 0xbadc27f928956 : 4 : pytrace_start_profiling :  [CALLED]
3066 : 0xbadc27fd06899 : 4 : pytrace_stop_profiling :  [CALLED]
3066 : 0xbadc27fd0a9a5 : 3 : logger_fini :  LOG FILE CLOSED (by collectunits.logger)
3024 : 0xbadc267002a8f : 3 : logger_init :  LOG FILE OPENED (by collectunits.logger), level: 4
3024 : 0xbadc26715c524 : 4 : pytrace_try_probe_python_functions :  Python version is detected as == 0x0
3024 : 0xbadc26743e5a1 : 4 : pytrace_try_probe_python_functions :  Python version is detected as == 0x0
3024 : 0xbadc2677d5dcc : 4 : pytrace_try_probe_python_functions :  Python version is detected as == 0x0
3024 : 0xbadc26791206f : 4 : pytrace_try_probe_python_functions :  Python version is detected as == 0x0
3024 : 0xbadc267f487eb : 4 : pytrace_try_probe_python_functions :  Python version is detected as == 0x0
3024 : 0xbadc26bfb6d1a : 4 : pytrace_try_probe_python_functions :  Python version is detected as == 0x0
3024 : 0xbadc26c426a8b : 4 : pytrace_start_profiling :  [CALLED]
3024 : 0xbadc26c56e135 : 4 : pytrace_try_probe_python_functions :  Python version is detected as == 0x0
3024 : 0xbadd43295cc1a : 4 : pytrace_stop_profiling :  [CALLED]
3024 : 0xbadd4329ec128 : 3 : logger_fini :  LOG FILE CLOSED (by collectunits.logger)