
3178 : 0xbadc303bb3575 : 1 : spill_jit_data :  Jit agent is not initialized
3062 : 0xbadc303beb4bb : 2 : ittapi_config_mask_get :  --itt-config mask to be applied: 55
3062 : 0xbadc303bec9e9 : 2 : ittapi_config_apply_per_lib :  ITTAPI function instrumented: __itt_domain_create
3062 : 0xbadc303bed4d9 : 2 : ittapi_config_apply_per_lib :  ITTAPI function instrumented: __itt_module_load_with_sections
3062 : 0xbadc303bee416 : 2 : ittapi_config_apply_per_lib :  ITTAPI function not implemented: __itt_module_unload_with_sections
3062 : 0xbadc303beec2d : 2 : ittapi_config_apply_per_lib :  ITTAPI function instrumented: __itt_string_handle_create
3062 : 0xbadc303bef286 : 2 : ittapi_config_apply_per_lib :  ITTAPI function instrumented: __itt_counter_create
3062 : 0xbadc303bef8d4 : 2 : ittapi_config_apply_per_lib :  ITTAPI function instrumented: __itt_counter_create_typed
3062 : 0xbadc303beff15 : 2 : ittapi_config_apply_per_lib :  ITTAPI function instrumented: __itt_pause
3062 : 0xbadc303bf0537 : 2 : ittapi_config_apply_per_lib :  ITTAPI function instrumented: __itt_resume
3062 : 0xbadc303c74da3 : 2 : ittapi_config_apply_per_lib :  ITTAPI function not implemented: __itt_pause_scoped
3062 : 0xbadc303c75b3a : 2 : ittapi_config_apply_per_lib :  ITTAPI function not implemented: __itt_resume_scoped
3062 : 0xbadc303c761b9 : 2 : ittapi_config_apply_per_lib :  ITTAPI function instrumented: __itt_thread_set_name
3062 : 0xbadc303c767d2 : 2 : ittapi_config_apply_per_lib :  ITTAPI function instrumented: __itt_thread_ignore
3062 : 0xbadc303c76e24 : 2 : ittapi_config_apply_per_lib :  ITTAPI function instrumented: __itt_thr_name_set
3062 : 0xbadc303c7734b : 2 : ittapi_config_apply_per_lib :  ITTAPI function instrumented: __itt_thr_ignore
3062 : 0xbadc303c779a3 : 2 : ittapi_config_apply_per_lib :  ITTAPI function instrumented: __itt_histogram_create
3062 : 0xbadc303c77f50 : 2 : ittapi_config_apply_per_lib :  ITTAPI function instrumented: __itt_counter_create_v3
3062 : 0xbadc303c785ee : 2 : ittapi_config_apply_per_lib :  ITTAPI function instrumented: __itt_bind_context_metadata_to_counter
3062 : 0xbadc303c78d01 : 2 : ittapi_config_apply_per_lib :  ITTAPI function not implemented: __itt_enable_attach
3062 : 0xbadc303d0c31b : 2 : ittapi_config_apply_per_lib :  ITTAPI function instrumented: __itt_detach
3062 : 0xbadc303d0cbc2 : 2 : ittapi_config_apply_per_lib :  ITTAPI function NOT instrumented (not matched by --itt-config option): __itt_sync_create

3062 : 0xbadc303d0d063 : 2 : ittapi_config_apply_per_lib :  ITTAPI function NOT instrumented (not matched by --itt-config option): __itt_sync_rename

3062 : 0xbadc303d0d440 : 2 : ittapi_config_apply_per_lib :  ITTAPI function NOT instrumented (not matched by --itt-config option): __itt_sync_destroy

3062 : 0xbadc303d0d7f5 : 2 : ittapi_config_apply_per_lib :  ITTAPI function NOT instrumented (not matched by --itt-config option): __itt_sync_prepare

3062 : 0xbadc303d0dc6b : 2 : ittapi_config_apply_per_lib :  ITTAPI function NOT instrumented (not matched by --itt-config option): __itt_sync_cancel

3062 : 0xbadc303d0e1e9 : 2 : ittapi_config_apply_per_lib :  ITTAPI function NOT instrumented (not matched by --itt-config option): __itt_sync_acquired

3062 : 0xbadc303d0e67e : 2 : ittapi_config_apply_per_lib :  ITTAPI function NOT instrumented (not matched by --itt-config option): __itt_sync_releasing

3062 : 0xbadc303d0ef30 : 2 : ittapi_config_apply_per_lib :  ITTAPI function not implemented: __itt_suppress_push
3062 : 0xbadc303d0f5cf : 2 : ittapi_config_apply_per_lib :  ITTAPI function not implemented: __itt_suppress_pop
3062 : 0xbadc303da37f5 : 2 : ittapi_config_apply_per_lib :  ITTAPI function not implemented: __itt_suppress_mark_range
3062 : 0xbadc303da4209 : 2 : ittapi_config_apply_per_lib :  ITTAPI function not implemented: __itt_suppress_clear_range
3062 : 0xbadc303da46ee : 2 : ittapi_config_apply_per_lib :  ITTAPI function NOT instrumented (not matched by --itt-config option): __itt_sync_prepare

3062 : 0xbadc303da4b30 : 2 : ittapi_config_apply_per_lib :  ITTAPI function NOT instrumented (not matched by --itt-config option): __itt_sync_cancel

3062 : 0xbadc303da4fa2 : 2 : ittapi_config_apply_per_lib :  ITTAPI function NOT instrumented (not matched by --itt-config option): __itt_sync_acquired

3062 : 0xbadc303da5413 : 2 : ittapi_config_apply_per_lib :  ITTAPI function NOT instrumented (not matched by --itt-config option): __itt_sync_releasing

3062 : 0xbadc303da581c : 2 : ittapi_config_apply_per_lib :  ITTAPI function NOT instrumented (not matched by --itt-config option): __itt_model_site_begin

3062 : 0xbadc303da5d3d : 2 : ittapi_config_apply_per_lib :  ITTAPI function NOT instrumented (not matched by --itt-config option): __itt_model_site_end

3062 : 0xbadc303da61de : 2 : ittapi_config_apply_per_lib :  ITTAPI function NOT instrumented (not matched by --itt-config option): __itt_model_task_begin

3062 : 0xbadc303da6653 : 2 : ittapi_config_apply_per_lib :  ITTAPI function NOT instrumented (not matched by --itt-config option): __itt_model_task_end

3062 : 0xbadc303e383b6 : 2 : ittapi_config_apply_per_lib :  ITTAPI function NOT instrumented (not matched by --itt-config option): __itt_model_lock_acquire

3062 : 0xbadc303e38b65 : 2 : ittapi_config_apply_per_lib :  ITTAPI function NOT instrumented (not matched by --itt-config option): __itt_model_lock_release

3062 : 0xbadc303e390b3 : 2 : ittapi_config_apply_per_lib :  ITTAPI function NOT instrumented (not matched by --itt-config option): __itt_model_record_allocation

3062 : 0xbadc303e39518 : 2 : ittapi_config_apply_per_lib :  ITTAPI function NOT instrumented (not matched by --itt-config option): __itt_model_record_deallocation

3062 : 0xbadc303e399a7 : 2 : ittapi_config_apply_per_lib :  ITTAPI function NOT instrumented (not matched by --itt-config option): __itt_model_induction_uses

3062 : 0xbadc303e39e4a : 2 : ittapi_config_apply_per_lib :  ITTAPI function NOT instrumented (not matched by --itt-config option): __itt_model_reduction_uses

3062 : 0xbadc303e3a2b7 : 2 : ittapi_config_apply_per_lib :  ITTAPI function NOT instrumented (not matched by --itt-config option): __itt_model_observe_uses

3062 : 0xbadc303e3a755 : 2 : ittapi_config_apply_per_lib :  ITTAPI function NOT instrumented (not matched by --itt-config option): __itt_model_clear_uses

3062 : 0xbadc303e3aba1 : 2 : ittapi_config_apply_per_lib :  ITTAPI function NOT instrumented (not matched by --itt-config option): __itt_model_site_beginA

3062 : 0xbadc303e3b037 : 2 : ittapi_config_apply_per_lib :  ITTAPI function NOT instrumented (not matched by --itt-config option): __itt_model_site_beginAL

3062 : 0xbadc303ec1142 : 2 : ittapi_config_apply_per_lib :  ITTAPI function NOT instrumented (not matched by --itt-config option): __itt_model_task_beginA

3062 : 0xbadc303ec1c23 : 2 : ittapi_config_apply_per_lib :  ITTAPI function NOT instrumented (not matched by --itt-config option): __itt_model_task_beginAL

3062 : 0xbadc303ec2056 : 2 : ittapi_config_apply_per_lib :  ITTAPI function NOT instrumented (not matched by --itt-config option): __itt_model_iteration_taskA

3062 : 0xbadc303ec2452 : 2 : ittapi_config_apply_per_lib :  ITTAPI function NOT instrumented (not matched by --itt-config option): __itt_model_iteration_taskAL

3062 : 0xbadc303ec2808 : 2 : ittapi_config_apply_per_lib :  ITTAPI function NOT instrumented (not matched by --itt-config option): __itt_model_site_end_2

3062 : 0xbadc303ec2c1e : 2 : ittapi_config_apply_per_lib :  ITTAPI function NOT instrumented (not matched by --itt-config option): __itt_model_task_end_2

3062 : 0xbadc303ec2fdd : 2 : ittapi_config_apply_per_lib :  ITTAPI function NOT instrumented (not matched by --itt-config option): __itt_model_lock_acquire_2

3062 : 0xbadc303ec3420 : 2 : ittapi_config_apply_per_lib :  ITTAPI function NOT instrumented (not matched by --itt-config option): __itt_model_lock_release_2

3062 : 0xbadc303ec39c6 : 2 : ittapi_config_apply_per_lib :  ITTAPI function NOT instrumented (not matched by --itt-config option): __itt_model_aggregate_task

3062 : 0xbadc303ec3e40 : 2 : ittapi_config_apply_per_lib :  ITTAPI function NOT instrumented (not matched by --itt-config option): __itt_model_disable_push

3062 : 0xbadc303f5587d : 2 : ittapi_config_apply_per_lib :  ITTAPI function NOT instrumented (not matched by --itt-config option): __itt_model_disable_pop

3062 : 0xbadc303f567a5 : 2 : ittapi_config_apply_per_lib :  ITTAPI function instrumented: __itt_heap_function_create
3062 : 0xbadc303f57012 : 2 : ittapi_config_apply_per_lib :  ITTAPI function instrumented: __itt_heap_allocate_begin
3062 : 0xbadc303f57756 : 2 : ittapi_config_apply_per_lib :  ITTAPI function instrumented: __itt_heap_allocate_end
3062 : 0xbadc303f57df4 : 2 : ittapi_config_apply_per_lib :  ITTAPI function instrumented: __itt_heap_free_begin
3062 : 0xbadc303f583ba : 2 : ittapi_config_apply_per_lib :  ITTAPI function instrumented: __itt_heap_free_end
3062 : 0xbadc303f589e8 : 2 : ittapi_config_apply_per_lib :  ITTAPI function instrumented: __itt_heap_reallocate_begin
3062 : 0xbadc303f58f94 : 2 : ittapi_config_apply_per_lib :  ITTAPI function instrumented: __itt_heap_reallocate_end
3062 : 0xbadc303f598d2 : 2 : ittapi_config_apply_per_lib :  ITTAPI function not implemented: __itt_heap_internal_access_begin
3062 : 0xbadc303f5a0ae : 2 : ittapi_config_apply_per_lib :  ITTAPI function not implemented: __itt_heap_internal_access_end
3062 : 0xbadc303fef1de : 2 : ittapi_config_apply_per_lib :  ITTAPI function not implemented: __itt_heap_record_memory_growth_begin
3062 : 0xbadc303fefd9d : 2 : ittapi_config_apply_per_lib :  ITTAPI function not implemented: __itt_heap_record_memory_growth_end
3062 : 0xbadc303ff065f : 2 : ittapi_config_apply_per_lib :  ITTAPI function not implemented: __itt_heap_reset_detection
3062 : 0xbadc303ff104f : 2 : ittapi_config_apply_per_lib :  ITTAPI function not implemented: __itt_heap_record
3062 : 0xbadc303ff18e9 : 2 : ittapi_config_apply_per_lib :  ITTAPI function not implemented: __itt_id_create
3062 : 0xbadc303ff2164 : 2 : ittapi_config_apply_per_lib :  ITTAPI function not implemented: __itt_id_destroy
3062 : 0xbadc303ff286c : 2 : ittapi_config_apply_per_lib :  ITTAPI function instrumented: __itt_get_timestamp
3062 : 0xbadc303ff2fe7 : 2 : ittapi_config_apply_per_lib :  ITTAPI function not implemented: __itt_region_begin
3062 : 0xbadc303ff3739 : 2 : ittapi_config_apply_per_lib :  ITTAPI function not implemented: __itt_region_end
3062 : 0xbadc303ff3de6 : 2 : ittapi_config_apply_per_lib :  ITTAPI function instrumented: __itt_frame_begin_v3
3062 : 0xbadc3040a0b5f : 2 : ittapi_config_apply_per_lib :  ITTAPI function instrumented: __itt_frame_end_v3
3062 : 0xbadc3040a178a : 2 : ittapi_config_apply_per_lib :  ITTAPI function instrumented: __itt_frame_submit_v3
3062 : 0xbadc3040a20b2 : 2 : ittapi_config_apply_per_lib :  ITTAPI function not implemented: __itt_task_group
3062 : 0xbadc3040a2860 : 2 : ittapi_config_apply_per_lib :  ITTAPI function instrumented: __itt_task_begin
3062 : 0xbadc3040a2e52 : 2 : ittapi_config_apply_per_lib :  ITTAPI function instrumented: __itt_task_begin_fn
3062 : 0xbadc3040a331b : 2 : ittapi_config_apply_per_lib :  ITTAPI function instrumented: __itt_task_end
3062 : 0xbadc3040a3a46 : 2 : ittapi_config_apply_per_lib :  ITTAPI function not implemented: __itt_counter_inc_v3
3062 : 0xbadc3040a419c : 2 : ittapi_config_apply_per_lib :  ITTAPI function not implemented: __itt_counter_inc_delta_v3
3062 : 0xbadc3040a4939 : 2 : ittapi_config_apply_per_lib :  ITTAPI function not implemented: __itt_counter_dec_v3
3062 : 0xbadc3040a5026 : 2 : ittapi_config_apply_per_lib :  ITTAPI function not implemented: __itt_counter_dec_delta_v3
3062 : 0xbadc3041442e5 : 2 : ittapi_config_apply_per_lib :  ITTAPI function not implemented: __itt_marker
3062 : 0xbadc304144dfe : 2 : ittapi_config_apply_per_lib :  ITTAPI function instrumented: __itt_metadata_add
3062 : 0xbadc3041456f2 : 2 : ittapi_config_apply_per_lib :  ITTAPI function not implemented: __itt_metadata_str_add
3062 : 0xbadc304145f62 : 2 : ittapi_config_apply_per_lib :  ITTAPI function not implemented: __itt_relation_add_to_current
3062 : 0xbadc30414733b : 2 : ittapi_config_apply_per_lib :  ITTAPI function not implemented: __itt_relation_add
3062 : 0xbadc304147952 : 2 : ittapi_config_apply_per_lib :  ITTAPI function instrumented: __itt_event_create
3062 : 0xbadc304147fe4 : 2 : ittapi_config_apply_per_lib :  ITTAPI function instrumented: __itt_event_start
3062 : 0xbadc3041486ee : 2 : ittapi_config_apply_per_lib :  ITTAPI function instrumented: __itt_event_end
3062 : 0xbadc304148be4 : 2 : ittapi_config_apply_per_lib :  ITTAPI function NOT instrumented (not matched by --itt-config option): __itt_sync_set_name

3062 : 0xbadc304149129 : 2 : ittapi_config_apply_per_lib :  ITTAPI function NOT instrumented (not matched by --itt-config option): __itt_notify_sync_name

3062 : 0xbadc3041e922c : 2 : ittapi_config_apply_per_lib :  ITTAPI function NOT instrumented (not matched by --itt-config option): __itt_notify_sync_prepare

3062 : 0xbadc3041e9ba5 : 2 : ittapi_config_apply_per_lib :  ITTAPI function NOT instrumented (not matched by --itt-config option): __itt_notify_sync_cancel

3062 : 0xbadc3041ea1b4 : 2 : ittapi_config_apply_per_lib :  ITTAPI function NOT instrumented (not matched by --itt-config option): __itt_notify_sync_acquired

3062 : 0xbadc3041ea770 : 2 : ittapi_config_apply_per_lib :  ITTAPI function NOT instrumented (not matched by --itt-config option): __itt_notify_sync_releasing

3062 : 0xbadc3041eb175 : 2 : ittapi_config_apply_per_lib :  ITTAPI function not implemented: __itt_memory_read
3062 : 0xbadc3041eb8f0 : 2 : ittapi_config_apply_per_lib :  ITTAPI function not implemented: __itt_memory_write
3062 : 0xbadc3041ec154 : 2 : ittapi_config_apply_per_lib :  ITTAPI function not implemented: __itt_memory_update
3062 : 0xbadc3041ec92e : 2 : ittapi_config_apply_per_lib :  ITTAPI function not implemented: __itt_state_get
3062 : 0xbadc3041ed089 : 2 : ittapi_config_apply_per_lib :  ITTAPI function not implemented: __itt_state_set
3062 : 0xbadc3041ed79d : 2 : ittapi_config_apply_per_lib :  ITTAPI function not implemented: __itt_obj_mode_set
3062 : 0xbadc304291e14 : 2 : ittapi_config_apply_per_lib :  ITTAPI function not implemented: __itt_thr_mode_set
3062 : 0xbadc304292958 : 2 : ittapi_config_apply_per_lib :  ITTAPI function instrumented: __itt_frame_create
3062 : 0xbadc3042930b7 : 2 : ittapi_config_apply_per_lib :  ITTAPI function instrumented: __itt_pt_region_create
3062 : 0xbadc3042937a7 : 2 : ittapi_config_apply_per_lib :  ITTAPI function instrumented: __itt_frame_begin
3062 : 0xbadc304293de8 : 2 : ittapi_config_apply_per_lib :  ITTAPI function instrumented: __itt_frame_end
3062 : 0xbadc304294522 : 2 : ittapi_config_apply_per_lib :  ITTAPI function not implemented: __itt_counter_destroy
3062 : 0xbadc304294bec : 2 : ittapi_config_apply_per_lib :  ITTAPI function instrumented: __itt_counter_inc
3062 : 0xbadc30429525b : 2 : ittapi_config_apply_per_lib :  ITTAPI function instrumented: __itt_counter_inc_delta
3062 : 0xbadc304295866 : 2 : ittapi_config_apply_per_lib :  ITTAPI function instrumented: __itt_counter_dec
3062 : 0xbadc304295e59 : 2 : ittapi_config_apply_per_lib :  ITTAPI function instrumented: __itt_counter_dec_delta
3062 : 0xbadc304345c89 : 2 : ittapi_config_apply_per_lib :  ITTAPI function instrumented: __itt_counter_set_value
3062 : 0xbadc304346973 : 2 : ittapi_config_apply_per_lib :  ITTAPI function not implemented: __itt_counter_set_value_ex
3062 : 0xbadc304347171 : 2 : ittapi_config_apply_per_lib :  ITTAPI function not implemented: __itt_mark_create
3062 : 0xbadc304347a14 : 2 : ittapi_config_apply_per_lib :  ITTAPI function not implemented: __itt_mark
3062 : 0xbadc30434824a : 2 : ittapi_config_apply_per_lib :  ITTAPI function not implemented: __itt_mark_off
3062 : 0xbadc3043489b7 : 2 : ittapi_config_apply_per_lib :  ITTAPI function not implemented: __itt_mark_global
3062 : 0xbadc30434914b : 2 : ittapi_config_apply_per_lib :  ITTAPI function not implemented: __itt_mark_global_off
3062 : 0xbadc304349898 : 2 : ittapi_config_apply_per_lib :  ITTAPI function instrumented: __itt_stack_caller_create
3062 : 0xbadc304349f3d : 2 : ittapi_config_apply_per_lib :  ITTAPI function instrumented: __itt_stack_caller_destroy
3062 : 0xbadc30434a54a : 2 : ittapi_config_apply_per_lib :  ITTAPI function instrumented: __itt_stack_callee_enter
3062 : 0xbadc30440423b : 2 : ittapi_config_apply_per_lib :  ITTAPI function instrumented: __itt_stack_callee_leave
3062 : 0xbadc304404eda : 2 : ittapi_config_apply_per_lib :  ITTAPI function not implemented: __itt_clock_domain_create
3062 : 0xbadc3044058da : 2 : ittapi_config_apply_per_lib :  ITTAPI function not implemented: __itt_clock_domain_reset
3062 : 0xbadc30440619d : 2 : ittapi_config_apply_per_lib :  ITTAPI function not implemented: __itt_id_create_ex
3062 : 0xbadc3044069d6 : 2 : ittapi_config_apply_per_lib :  ITTAPI function not implemented: __itt_id_destroy_ex
3062 : 0xbadc30440715b : 2 : ittapi_config_apply_per_lib :  ITTAPI function not implemented: __itt_task_begin_ex
3062 : 0xbadc304407864 : 2 : ittapi_config_apply_per_lib :  ITTAPI function not implemented: __itt_task_begin_fn_ex
3062 : 0xbadc304407f71 : 2 : ittapi_config_apply_per_lib :  ITTAPI function not implemented: __itt_task_end_ex
3062 : 0xbadc3044086d5 : 2 : ittapi_config_apply_per_lib :  ITTAPI function instrumented: __itt_task_begin_overlapped
3062 : 0xbadc304408e61 : 2 : ittapi_config_apply_per_lib :  ITTAPI function not implemented: __itt_task_begin_overlapped_ex
3062 : 0xbadc3044a943f : 2 : ittapi_config_apply_per_lib :  ITTAPI function instrumented: __itt_task_end_overlapped
3062 : 0xbadc3044aa0a7 : 2 : ittapi_config_apply_per_lib :  ITTAPI function not implemented: __itt_task_end_overlapped_ex
3062 : 0xbadc3044aa9eb : 2 : ittapi_config_apply_per_lib :  ITTAPI function not implemented: __itt_marker_ex
3062 : 0xbadc3044ab340 : 2 : ittapi_config_apply_per_lib :  ITTAPI function not implemented: __itt_metadata_add_with_scope
3062 : 0xbadc3044abb76 : 2 : ittapi_config_apply_per_lib :  ITTAPI function not implemented: __itt_metadata_str_add_with_scope
3062 : 0xbadc3044ac35d : 2 : ittapi_config_apply_per_lib :  ITTAPI function not implemented: __itt_relation_add_to_current_ex
3062 : 0xbadc3044aca85 : 2 : ittapi_config_apply_per_lib :  ITTAPI function not implemented: __itt_relation_add_ex
3062 : 0xbadc3044adec1 : 2 : ittapi_config_apply_per_lib :  ITTAPI function not implemented: __itt_track_group_create
3062 : 0xbadc3044ae573 : 2 : ittapi_config_apply_per_lib :  ITTAPI function not implemented: __itt_track_create
3062 : 0xbadc3044aecd6 : 2 : ittapi_config_apply_per_lib :  ITTAPI function not implemented: __itt_set_track
3062 : 0xbadc304543628 : 2 : ittapi_config_apply_per_lib :  ITTAPI function instrumented: __itt_api_version
3062 : 0xbadc30454407f : 2 : ittapi_config_apply_per_lib :  ITTAPI function not implemented: __itt_av_save
3062 : 0xbadc304544516 : 2 : ittapi_config_apply_per_lib :  ITTAPI function instrumented: __itt_module_load
3062 : 0xbadc304544991 : 2 : ittapi_config_apply_per_lib :  ITTAPI function not implemented: __itt_module_unload
3062 : 0xbadc304544c81 : 2 : ittapi_config_apply_per_lib :  ITTAPI function NOT instrumented (not matched by --itt-config option): __itt_histogram_submit

3062 : 0xbadc3045450e6 : 2 : ittapi_config_apply_per_lib :  ITTAPI function instrumented: __itt_counter_set_value_v3
3062 : 0xbadc3045a69b0 : 2 : ittapi_config_mask_get :  --itt-config mask to be applied: 55
3062 : 0xbadc3045a75ec : 2 : ittapi_config_apply_per_lib :  ITTAPI function instrumented: __itt_domain_create
3062 : 0xbadc3045a7d6c : 2 : ittapi_config_apply_per_lib :  ITTAPI function instrumented: __itt_module_load_with_sections
3062 : 0xbadc3045a8369 : 2 : ittapi_config_apply_per_lib :  ITTAPI function not implemented: __itt_module_unload_with_sections
3062 : 0xbadc3046737c5 : 2 : ittapi_config_apply_per_lib :  ITTAPI function instrumented: __itt_string_handle_create
3062 : 0xbadc304674150 : 2 : ittapi_config_apply_per_lib :  ITTAPI function instrumented: __itt_counter_create
3062 : 0xbadc3046747d4 : 2 : ittapi_config_apply_per_lib :  ITTAPI function instrumented: __itt_counter_create_typed
3062 : 0xbadc304674e43 : 2 : ittapi_config_apply_per_lib :  ITTAPI function instrumented: __itt_pause
3062 : 0xbadc304675456 : 2 : ittapi_config_apply_per_lib :  ITTAPI function instrumented: __itt_resume
3062 : 0xbadc304675ca1 : 2 : ittapi_config_apply_per_lib :  ITTAPI function not implemented: __itt_pause_scoped
3062 : 0xbadc3046764b6 : 2 : ittapi_config_apply_per_lib :  ITTAPI function not implemented: __itt_resume_scoped
3062 : 0xbadc304676b09 : 2 : ittapi_config_apply_per_lib :  ITTAPI function instrumented: __itt_thread_set_name
3062 : 0xbadc304677108 : 2 : ittapi_config_apply_per_lib :  ITTAPI function instrumented: __itt_thread_ignore
3062 : 0xbadc30467775b : 2 : ittapi_config_apply_per_lib :  ITTAPI function instrumented: __itt_thr_name_set
3062 : 0xbadc30472b3cd : 2 : ittapi_config_apply_per_lib :  ITTAPI function instrumented: __itt_thr_ignore
3062 : 0xbadc30472bca3 : 2 : ittapi_config_apply_per_lib :  ITTAPI function instrumented: __itt_histogram_create
3062 : 0xbadc30472c188 : 2 : ittapi_config_apply_per_lib :  ITTAPI function instrumented: __itt_counter_create_v3
3062 : 0xbadc30472c658 : 2 : ittapi_config_apply_per_lib :  ITTAPI function instrumented: __itt_bind_context_metadata_to_counter
3062 : 0xbadc30472cca1 : 2 : ittapi_config_apply_per_lib :  ITTAPI function not implemented: __itt_enable_attach
3062 : 0xbadc30472d143 : 2 : ittapi_config_apply_per_lib :  ITTAPI function instrumented: __itt_detach
3062 : 0xbadc30472d4aa : 2 : ittapi_config_apply_per_lib :  ITTAPI function NOT instrumented (not matched by --itt-config option): __itt_sync_create

3062 : 0xbadc30472d7b2 : 2 : ittapi_config_apply_per_lib :  ITTAPI function NOT instrumented (not matched by --itt-config option): __itt_sync_rename

3062 : 0xbadc30472da5e : 2 : ittapi_config_apply_per_lib :  ITTAPI function NOT instrumented (not matched by --itt-config option): __itt_sync_destroy

3062 : 0xbadc30472dcfe : 2 : ittapi_config_apply_per_lib :  ITTAPI function NOT instrumented (not matched by --itt-config option): __itt_sync_prepare

3062 : 0xbadc3047d5c07 : 2 : ittapi_config_apply_per_lib :  ITTAPI function NOT instrumented (not matched by --itt-config option): __itt_sync_cancel

3062 : 0xbadc3047d645d : 2 : ittapi_config_apply_per_lib :  ITTAPI function NOT instrumented (not matched by --itt-config option): __itt_sync_acquired

3062 : 0xbadc3047d6a08 : 2 : ittapi_config_apply_per_lib :  ITTAPI function NOT instrumented (not matched by --itt-config option): __itt_sync_releasing

3062 : 0xbadc3047d7365 : 2 : ittapi_config_apply_per_lib :  ITTAPI function not implemented: __itt_suppress_push
3062 : 0xbadc3047d7bd4 : 2 : ittapi_config_apply_per_lib :  ITTAPI function not implemented: __itt_suppress_pop
3062 : 0xbadc3047d8307 : 2 : ittapi_config_apply_per_lib :  ITTAPI function not implemented: __itt_suppress_mark_range
3062 : 0xbadc3047d8a94 : 2 : ittapi_config_apply_per_lib :  ITTAPI function not implemented: __itt_suppress_clear_range
3062 : 0xbadc3047d8f6c : 2 : ittapi_config_apply_per_lib :  ITTAPI function NOT instrumented (not matched by --itt-config option): __itt_sync_prepare

3062 : 0xbadc3047d93d1 : 2 : ittapi_config_apply_per_lib :  ITTAPI function NOT instrumented (not matched by --itt-config option): __itt_sync_cancel

3062 : 0xbadc3047d9823 : 2 : ittapi_config_apply_per_lib :  ITTAPI function NOT instrumented (not matched by --itt-config option): __itt_sync_acquired

3062 : 0xbadc30487655a : 2 : ittapi_config_apply_per_lib :  ITTAPI function NOT instrumented (not matched by --itt-config option): __itt_sync_releasing

3062 : 0xbadc304876faa : 2 : ittapi_config_apply_per_lib :  ITTAPI function NOT instrumented (not matched by --itt-config option): __itt_model_site_begin

3062 : 0xbadc3048774f1 : 2 : ittapi_config_apply_per_lib :  ITTAPI function NOT instrumented (not matched by --itt-config option): __itt_model_site_end

3062 : 0xbadc3048779fc : 2 : ittapi_config_apply_per_lib :  ITTAPI function NOT instrumented (not matched by --itt-config option): __itt_model_task_begin

3062 : 0xbadc304878bfc : 2 : ittapi_config_apply_per_lib :  ITTAPI function NOT instrumented (not matched by --itt-config option): __itt_model_task_end

3062 : 0xbadc3048790dc : 2 : ittapi_config_apply_per_lib :  ITTAPI function NOT instrumented (not matched by --itt-config option): __itt_model_lock_acquire

3062 : 0xbadc304879566 : 2 : ittapi_config_apply_per_lib :  ITTAPI function NOT instrumented (not matched by --itt-config option): __itt_model_lock_release

3062 : 0xbadc3048799be : 2 : ittapi_config_apply_per_lib :  ITTAPI function NOT instrumented (not matched by --itt-config option): __itt_model_record_allocation

3062 : 0xbadc304879e98 : 2 : ittapi_config_apply_per_lib :  ITTAPI function NOT instrumented (not matched by --itt-config option): __itt_model_record_deallocation

3062 : 0xbadc30487a2ae : 2 : ittapi_config_apply_per_lib :  ITTAPI function NOT instrumented (not matched by --itt-config option): __itt_model_induction_uses

3062 : 0xbadc304915e28 : 2 : ittapi_config_apply_per_lib :  ITTAPI function NOT instrumented (not matched by --itt-config option): __itt_model_reduction_uses

3062 : 0xbadc3049165d0 : 2 : ittapi_config_apply_per_lib :  ITTAPI function NOT instrumented (not matched by --itt-config option): __itt_model_observe_uses

3062 : 0xbadc3049169b6 : 2 : ittapi_config_apply_per_lib :  ITTAPI function NOT instrumented (not matched by --itt-config option): __itt_model_clear_uses

3062 : 0xbadc304916d59 : 2 : ittapi_config_apply_per_lib :  ITTAPI function NOT instrumented (not matched by --itt-config option): __itt_model_site_beginA

3062 : 0xbadc3049170a3 : 2 : ittapi_config_apply_per_lib :  ITTAPI function NOT instrumented (not matched by --itt-config option): __itt_model_site_beginAL

3062 : 0xbadc304917368 : 2 : ittapi_config_apply_per_lib :  ITTAPI function NOT instrumented (not matched by --itt-config option): __itt_model_task_beginA

3062 : 0xbadc3049175d6 : 2 : ittapi_config_apply_per_lib :  ITTAPI function NOT instrumented (not matched by --itt-config option): __itt_model_task_beginAL

3062 : 0xbadc304917861 : 2 : ittapi_config_apply_per_lib :  ITTAPI function NOT instrumented (not matched by --itt-config option): __itt_model_iteration_taskA

3062 : 0xbadc304917af9 : 2 : ittapi_config_apply_per_lib :  ITTAPI function NOT instrumented (not matched by --itt-config option): __itt_model_iteration_taskAL

3062 : 0xbadc304917d6f : 2 : ittapi_config_apply_per_lib :  ITTAPI function NOT instrumented (not matched by --itt-config option): __itt_model_site_end_2

3062 : 0xbadc3049b37d5 : 2 : ittapi_config_apply_per_lib :  ITTAPI function NOT instrumented (not matched by --itt-config option): __itt_model_task_end_2

3062 : 0xbadc3049b41f5 : 2 : ittapi_config_apply_per_lib :  ITTAPI function NOT instrumented (not matched by --itt-config option): __itt_model_lock_acquire_2

3062 : 0xbadc3049b4780 : 2 : ittapi_config_apply_per_lib :  ITTAPI function NOT instrumented (not matched by --itt-config option): __itt_model_lock_release_2

3062 : 0xbadc3049b4c54 : 2 : ittapi_config_apply_per_lib :  ITTAPI function NOT instrumented (not matched by --itt-config option): __itt_model_aggregate_task

3062 : 0xbadc3049b50c2 : 2 : ittapi_config_apply_per_lib :  ITTAPI function NOT instrumented (not matched by --itt-config option): __itt_model_disable_push

3062 : 0xbadc3049b5535 : 2 : ittapi_config_apply_per_lib :  ITTAPI function NOT instrumented (not matched by --itt-config option): __itt_model_disable_pop

3062 : 0xbadc3049b5fc2 : 2 : ittapi_config_apply_per_lib :  ITTAPI function instrumented: __itt_heap_function_create
3062 : 0xbadc3049b66de : 2 : ittapi_config_apply_per_lib :  ITTAPI function instrumented: __itt_heap_allocate_begin
3062 : 0xbadc3049b6d4e : 2 : ittapi_config_apply_per_lib :  ITTAPI function instrumented: __itt_heap_allocate_end
3062 : 0xbadc3049b733e : 2 : ittapi_config_apply_per_lib :  ITTAPI function instrumented: __itt_heap_free_begin
3062 : 0xbadc304a6afb8 : 2 : ittapi_config_apply_per_lib :  ITTAPI function instrumented: __itt_heap_free_end
3062 : 0xbadc304a6b92b : 2 : ittapi_config_apply_per_lib :  ITTAPI function instrumented: __itt_heap_reallocate_begin
3062 : 0xbadc304a6bd46 : 2 : ittapi_config_apply_per_lib :  ITTAPI function instrumented: __itt_heap_reallocate_end
3062 : 0xbadc304a6c42d : 2 : ittapi_config_apply_per_lib :  ITTAPI function not implemented: __itt_heap_internal_access_begin
3062 : 0xbadc304a6c95f : 2 : ittapi_config_apply_per_lib :  ITTAPI function not implemented: __itt_heap_internal_access_end
3062 : 0xbadc304a6ce69 : 2 : ittapi_config_apply_per_lib :  ITTAPI function not implemented: __itt_heap_record_memory_growth_begin
3062 : 0xbadc304a6d2a5 : 2 : ittapi_config_apply_per_lib :  ITTAPI function not implemented: __itt_heap_record_memory_growth_end
3062 : 0xbadc304a6d696 : 2 : ittapi_config_apply_per_lib :  ITTAPI function not implemented: __itt_heap_reset_detection
3062 : 0xbadc304a6daa4 : 2 : ittapi_config_apply_per_lib :  ITTAPI function not implemented: __itt_heap_record
3062 : 0xbadc304a6def9 : 2 : ittapi_config_apply_per_lib :  ITTAPI function not implemented: __itt_id_create
3062 : 0xbadc304b1e20b : 2 : ittapi_config_apply_per_lib :  ITTAPI function not implemented: __itt_id_destroy
3062 : 0xbadc304b1eb98 : 2 : ittapi_config_apply_per_lib :  ITTAPI function instrumented: __itt_get_timestamp
3062 : 0xbadc304b1f191 : 2 : ittapi_config_apply_per_lib :  ITTAPI function not implemented: __itt_region_begin
3062 : 0xbadc304b1f732 : 2 : ittapi_config_apply_per_lib :  ITTAPI function not implemented: __itt_region_end
3062 : 0xbadc304b1fc2e : 2 : ittapi_config_apply_per_lib :  ITTAPI function instrumented: __itt_frame_begin_v3
3062 : 0xbadc304b1ffff : 2 : ittapi_config_apply_per_lib :  ITTAPI function instrumented: __itt_frame_end_v3
3062 : 0xbadc304b203b2 : 2 : ittapi_config_apply_per_lib :  ITTAPI function instrumented: __itt_frame_submit_v3
3062 : 0xbadc304b207e4 : 2 : ittapi_config_apply_per_lib :  ITTAPI function not implemented: __itt_task_group
3062 : 0xbadc304b20c1c : 2 : ittapi_config_apply_per_lib :  ITTAPI function instrumented: __itt_task_begin
3062 : 0xbadc304b20f76 : 2 : ittapi_config_apply_per_lib :  ITTAPI function instrumented: __itt_task_begin_fn
3062 : 0xbadc304bb61d5 : 2 : ittapi_config_apply_per_lib :  ITTAPI function instrumented: __itt_task_end
3062 : 0xbadc304bb6c79 : 2 : ittapi_config_apply_per_lib :  ITTAPI function not implemented: __itt_counter_inc_v3
3062 : 0xbadc304bb724b : 2 : ittapi_config_apply_per_lib :  ITTAPI function not implemented: __itt_counter_inc_delta_v3
3062 : 0xbadc304bb76ad : 2 : ittapi_config_apply_per_lib :  ITTAPI function not implemented: __itt_counter_dec_v3
3062 : 0xbadc304bb7a85 : 2 : ittapi_config_apply_per_lib :  ITTAPI function not implemented: __itt_counter_dec_delta_v3
3062 : 0xbadc304bb7ea9 : 2 : ittapi_config_apply_per_lib :  ITTAPI function not implemented: __itt_marker
3062 : 0xbadc304bb8295 : 2 : ittapi_config_apply_per_lib :  ITTAPI function instrumented: __itt_metadata_add
3062 : 0xbadc304bb86ff : 2 : ittapi_config_apply_per_lib :  ITTAPI function not implemented: __itt_metadata_str_add
3062 : 0xbadc304bb8b0a : 2 : ittapi_config_apply_per_lib :  ITTAPI function not implemented: __itt_relation_add_to_current
3062 : 0xbadc304bb8ef3 : 2 : ittapi_config_apply_per_lib :  ITTAPI function not implemented: __itt_relation_add
3062 : 0xbadc304c69d35 : 2 : ittapi_config_apply_per_lib :  ITTAPI function instrumented: __itt_event_create
3062 : 0xbadc304c6a810 : 2 : ittapi_config_apply_per_lib :  ITTAPI function instrumented: __itt_event_start
3062 : 0xbadc304c6ad94 : 2 : ittapi_config_apply_per_lib :  ITTAPI function instrumented: __itt_event_end
3062 : 0xbadc304c6b2cf : 2 : ittapi_config_apply_per_lib :  ITTAPI function NOT instrumented (not matched by --itt-config option): __itt_sync_set_name

3062 : 0xbadc304c6b7bd : 2 : ittapi_config_apply_per_lib :  ITTAPI function NOT instrumented (not matched by --itt-config option): __itt_notify_sync_name

3062 : 0xbadc304c6bc5b : 2 : ittapi_config_apply_per_lib :  ITTAPI function NOT instrumented (not matched by --itt-config option): __itt_notify_sync_prepare

3062 : 0xbadc304c6c0fe : 2 : ittapi_config_apply_per_lib :  ITTAPI function NOT instrumented (not matched by --itt-config option): __itt_notify_sync_cancel

3062 : 0xbadc304c6c606 : 2 : ittapi_config_apply_per_lib :  ITTAPI function NOT instrumented (not matched by --itt-config option): __itt_notify_sync_acquired

3062 : 0xbadc304c6cac7 : 2 : ittapi_config_apply_per_lib :  ITTAPI function NOT instrumented (not matched by --itt-config option): __itt_notify_sync_releasing

3062 : 0xbadc304c6d2e2 : 2 : ittapi_config_apply_per_lib :  ITTAPI function not implemented: __itt_memory_read
3062 : 0xbadc304d1b53e : 2 : ittapi_config_apply_per_lib :  ITTAPI function not implemented: __itt_memory_write
3062 : 0xbadc304d1c136 : 2 : ittapi_config_apply_per_lib :  ITTAPI function not implemented: __itt_memory_update
3062 : 0xbadc304d1c919 : 2 : ittapi_config_apply_per_lib :  ITTAPI function not implemented: __itt_state_get
3062 : 0xbadc304d1cfe8 : 2 : ittapi_config_apply_per_lib :  ITTAPI function not implemented: __itt_state_set
3062 : 0xbadc304d1d681 : 2 : ittapi_config_apply_per_lib :  ITTAPI function not implemented: __itt_obj_mode_set
3062 : 0xbadc304d1dd44 : 2 : ittapi_config_apply_per_lib :  ITTAPI function not implemented: __itt_thr_mode_set
3062 : 0xbadc304d1e3d8 : 2 : ittapi_config_apply_per_lib :  ITTAPI function instrumented: __itt_frame_create
3062 : 0xbadc304d1ea3e : 2 : ittapi_config_apply_per_lib :  ITTAPI function instrumented: __itt_pt_region_create
3062 : 0xbadc304d1f09a : 2 : ittapi_config_apply_per_lib :  ITTAPI function instrumented: __itt_frame_begin
3062 : 0xbadc304d1f6ca : 2 : ittapi_config_apply_per_lib :  ITTAPI function instrumented: __itt_frame_end
3062 : 0xbadc304dbaeaa : 2 : ittapi_config_apply_per_lib :  ITTAPI function not implemented: __itt_counter_destroy
3062 : 0xbadc304dbb9e7 : 2 : ittapi_config_apply_per_lib :  ITTAPI function instrumented: __itt_counter_inc
3062 : 0xbadc304dbbf24 : 2 : ittapi_config_apply_per_lib :  ITTAPI function instrumented: __itt_counter_inc_delta
3062 : 0xbadc304dbc2f5 : 2 : ittapi_config_apply_per_lib :  ITTAPI function instrumented: __itt_counter_dec
3062 : 0xbadc304dbc64e : 2 : ittapi_config_apply_per_lib :  ITTAPI function instrumented: __itt_counter_dec_delta
3062 : 0xbadc304dbc9d3 : 2 : ittapi_config_apply_per_lib :  ITTAPI function instrumented: __itt_counter_set_value
3062 : 0xbadc304dbcda3 : 2 : ittapi_config_apply_per_lib :  ITTAPI function not implemented: __itt_counter_set_value_ex
3062 : 0xbadc304dbd237 : 2 : ittapi_config_apply_per_lib :  ITTAPI function not implemented: __itt_mark_create
3062 : 0xbadc304dbd69b : 2 : ittapi_config_apply_per_lib :  ITTAPI function not implemented: __itt_mark
3062 : 0xbadc304dbda6f : 2 : ittapi_config_apply_per_lib :  ITTAPI function not implemented: __itt_mark_off
3062 : 0xbadc304e59783 : 2 : ittapi_config_apply_per_lib :  ITTAPI function not implemented: __itt_mark_global
3062 : 0xbadc304e5a092 : 2 : ittapi_config_apply_per_lib :  ITTAPI function not implemented: __itt_mark_global_off
3062 : 0xbadc304e5a56c : 2 : ittapi_config_apply_per_lib :  ITTAPI function instrumented: __itt_stack_caller_create
3062 : 0xbadc304e5a9a7 : 2 : ittapi_config_apply_per_lib :  ITTAPI function instrumented: __itt_stack_caller_destroy
3062 : 0xbadc304e5ad03 : 2 : ittapi_config_apply_per_lib :  ITTAPI function instrumented: __itt_stack_callee_enter
3062 : 0xbadc304e5b073 : 2 : ittapi_config_apply_per_lib :  ITTAPI function instrumented: __itt_stack_callee_leave
3062 : 0xbadc304e5b4c1 : 2 : ittapi_config_apply_per_lib :  ITTAPI function not implemented: __itt_clock_domain_create
3062 : 0xbadc304e5b8d4 : 2 : ittapi_config_apply_per_lib :  ITTAPI function not implemented: __itt_clock_domain_reset
3062 : 0xbadc304e5bcfc : 2 : ittapi_config_apply_per_lib :  ITTAPI function not implemented: __itt_id_create_ex
3062 : 0xbadc304e5c126 : 2 : ittapi_config_apply_per_lib :  ITTAPI function not implemented: __itt_id_destroy_ex
3062 : 0xbadc304f0ca57 : 2 : ittapi_config_apply_per_lib :  ITTAPI function not implemented: __itt_task_begin_ex
3062 : 0xbadc304f0d47c : 2 : ittapi_config_apply_per_lib :  ITTAPI function not implemented: __itt_task_begin_fn_ex
3062 : 0xbadc304f0dab8 : 2 : ittapi_config_apply_per_lib :  ITTAPI function not implemented: __itt_task_end_ex
3062 : 0xbadc304f0e080 : 2 : ittapi_config_apply_per_lib :  ITTAPI function instrumented: __itt_task_begin_overlapped
3062 : 0xbadc304f0e788 : 2 : ittapi_config_apply_per_lib :  ITTAPI function not implemented: __itt_task_begin_overlapped_ex
3062 : 0xbadc304f0ed7d : 2 : ittapi_config_apply_per_lib :  ITTAPI function instrumented: __itt_task_end_overlapped
3062 : 0xbadc304f0f3df : 2 : ittapi_config_apply_per_lib :  ITTAPI function not implemented: __itt_task_end_overlapped_ex
3062 : 0xbadc304f0fa46 : 2 : ittapi_config_apply_per_lib :  ITTAPI function not implemented: __itt_marker_ex
3062 : 0xbadc304f1012f : 2 : ittapi_config_apply_per_lib :  ITTAPI function not implemented: __itt_metadata_add_with_scope
3062 : 0xbadc304f107d8 : 2 : ittapi_config_apply_per_lib :  ITTAPI function not implemented: __itt_metadata_str_add_with_scope
3062 : 0xbadc304fb741b : 2 : ittapi_config_apply_per_lib :  ITTAPI function not implemented: __itt_relation_add_to_current_ex
3062 : 0xbadc304fb80d6 : 2 : ittapi_config_apply_per_lib :  ITTAPI function not implemented: __itt_relation_add_ex
3062 : 0xbadc304fb8986 : 2 : ittapi_config_apply_per_lib :  ITTAPI function not implemented: __itt_track_group_create
3062 : 0xbadc304fb90b8 : 2 : ittapi_config_apply_per_lib :  ITTAPI function not implemented: __itt_track_create
3062 : 0xbadc304fb9881 : 2 : ittapi_config_apply_per_lib :  ITTAPI function not implemented: __itt_set_track
3062 : 0xbadc304fb9fa5 : 2 : ittapi_config_apply_per_lib :  ITTAPI function instrumented: __itt_api_version
3062 : 0xbadc304fba752 : 2 : ittapi_config_apply_per_lib :  ITTAPI function not implemented: __itt_av_save
3062 : 0xbadc304fbade6 : 2 : ittapi_config_apply_per_lib :  ITTAPI function instrumented: __itt_module_load
3062 : 0xbadc304fbb536 : 2 : ittapi_config_apply_per_lib :  ITTAPI function not implemented: __itt_module_unload
3062 : 0xbadc304fbc844 : 2 : ittapi_config_apply_per_lib :  ITTAPI function NOT instrumented (not matched by --itt-config option): __itt_histogram_submit
